  [1m[36mSQL (1.4ms)[0m  [1m SELECT name
 FROM sqlite_master
 WHERE type = 'table' AND NOT name = 'sqlite_sequence'
[0m
  [1m[35mSQL (0.1ms)[0m  select sqlite_version(*)
  [1m[36mSQL (23.7ms)[0m  [1mCREATE TABLE "schema_migrations" ("version" varchar(255) NOT NULL) [0m
  [1m[35mSQL (0.1ms)[0m  PRAGMA index_list("schema_migrations")
  [1m[36mSQL (13.0ms)[0m  [1mCREATE UNIQUE INDEX "unique_schema_migrations" ON "schema_migrations" ("version")[0m
  [1m[35mSQL (0.2ms)[0m   SELECT name
 FROM sqlite_master
 WHERE type = 'table' AND NOT name = 'sqlite_sequence'
  [1m[36mSQL (1.2ms)[0m  [1m SELECT name
 FROM sqlite_master
 WHERE type = 'table' AND NOT name = 'sqlite_sequence'
[0m
  [1m[35mSQL (0.2ms)[0m  SELECT "schema_migrations"."version" FROM "schema_migrations"
Migrating to CreateHighScores (20110118021434)
  [1m[36mSQL (3.9ms)[0m  [1m SELECT name
 FROM sqlite_master
 WHERE type = 'table' AND NOT name = 'sqlite_sequence'
[0m
  [1m[35mSQL (0.3ms)[0m   SELECT name
 FROM sqlite_master
 WHERE type = 'table' AND NOT name = 'sqlite_sequence'
  [1m[36mSQL (0.4ms)[0m  [1mSELECT "schema_migrations"."version" FROM "schema_migrations"[0m
  [1m[36mSQL (3.0ms)[0m  [1m SELECT name
 FROM sqlite_master
 WHERE type = 'table' AND NOT name = 'sqlite_sequence'
[0m
  [1m[35mSQL (0.2ms)[0m   SELECT name
 FROM sqlite_master
 WHERE type = 'table' AND NOT name = 'sqlite_sequence'
  [1m[36mSQL (0.3ms)[0m  [1mSELECT "schema_migrations"."version" FROM "schema_migrations"[0m
Migrating to CreateHighScores (20110118021434)
  [1m[35mSQL (0.2ms)[0m  select sqlite_version(*)
  [1m[36mSQL (2.8ms)[0m  [1m SELECT name
 FROM sqlite_master
 WHERE type = 'table' AND NOT name = 'sqlite_sequence'
[0m
  [1m[35mSQL (0.2ms)[0m   SELECT name
 FROM sqlite_master
 WHERE type = 'table' AND NOT name = 'sqlite_sequence'
  [1m[36mSQL (0.2ms)[0m  [1mSELECT "schema_migrations"."version" FROM "schema_migrations"[0m
  [1m[36mSQL (3.4ms)[0m  [1m SELECT name
 FROM sqlite_master
 WHERE type = 'table' AND NOT name = 'sqlite_sequence'
[0m
  [1m[35mSQL (0.2ms)[0m   SELECT name
 FROM sqlite_master
 WHERE type = 'table' AND NOT name = 'sqlite_sequence'
  [1m[36mSQL (0.2ms)[0m  [1mSELECT "schema_migrations"."version" FROM "schema_migrations"[0m
Migrating to CreateHighScores (20110118021434)
  [1m[35mSQL (0.1ms)[0m  select sqlite_version(*)
  [1m[36mSQL (3.1ms)[0m  [1m SELECT name
 FROM sqlite_master
 WHERE type = 'table' AND NOT name = 'sqlite_sequence'
[0m
  [1m[35mSQL (0.2ms)[0m   SELECT name
 FROM sqlite_master
 WHERE type = 'table' AND NOT name = 'sqlite_sequence'
  [1m[36mSQL (0.2ms)[0m  [1mSELECT "schema_migrations"."version" FROM "schema_migrations"[0m
Migrating to CreateHighScores (20110118021434)
  [1m[35mSQL (0.1ms)[0m  select sqlite_version(*)
  [1m[36mSQL (0.0ms)[0m  [1m SELECT name
 FROM sqlite_master
 WHERE type = 'table' AND NOT name = 'sqlite_sequence'
[0m
  [1m[35mSQL (0.0ms)[0m   SELECT name
 FROM sqlite_master
 WHERE type = 'table' AND NOT name = 'sqlite_sequence'
  [1m[36mSQL (0.2ms)[0m  [1mSELECT "schema_migrations"."version" FROM "schema_migrations"[0m
Migrating to CreateHighScores (20110118021434)
  [1m[35mSQL (0.1ms)[0m  select sqlite_version(*)
  [1m[36mSQL (2.9ms)[0m  [1m SELECT name
 FROM sqlite_master
 WHERE type = 'table' AND NOT name = 'sqlite_sequence'
[0m
  [1m[35mSQL (0.2ms)[0m   SELECT name
 FROM sqlite_master
 WHERE type = 'table' AND NOT name = 'sqlite_sequence'
  [1m[36mSQL (0.2ms)[0m  [1mSELECT "schema_migrations"."version" FROM "schema_migrations"[0m
  [1m[36mSQL (1.5ms)[0m  [1m SELECT name
 FROM sqlite_master
 WHERE type = 'table' AND NOT name = 'sqlite_sequence'
[0m
  [1m[35mSQL (0.0ms)[0m   SELECT name
 FROM sqlite_master
 WHERE type = 'table' AND NOT name = 'sqlite_sequence'
  [1m[36mSQL (0.0ms)[0m  [1mSELECT "schema_migrations"."version" FROM "schema_migrations"[0m
Migrating to CreateArticles (20110118150340)
  [1m[35mSQL (0.0ms)[0m  select sqlite_version(*)
  [1m[36mSQL (3.0ms)[0m  [1m SELECT name
 FROM sqlite_master
 WHERE type = 'table' AND NOT name = 'sqlite_sequence'
[0m
  [1m[35mSQL (0.3ms)[0m   SELECT name
 FROM sqlite_master
 WHERE type = 'table' AND NOT name = 'sqlite_sequence'
  [1m[36mSQL (0.2ms)[0m  [1mSELECT "schema_migrations"."version" FROM "schema_migrations"[0m
Migrating to CreateArticles (20110118150340)
  [1m[35mSQL (0.2ms)[0m  select sqlite_version(*)
  [1m[36mSQL (4.3ms)[0m  [1m SELECT name
 FROM sqlite_master
 WHERE type = 'table' AND NOT name = 'sqlite_sequence'
[0m
  [1m[35mSQL (0.2ms)[0m   SELECT name
 FROM sqlite_master
 WHERE type = 'table' AND NOT name = 'sqlite_sequence'
  [1m[36mSQL (0.3ms)[0m  [1mSELECT "schema_migrations"."version" FROM "schema_migrations"[0m
Migrating to CreateArticles (20110118150340)
  [1m[35mSQL (0.2ms)[0m  select sqlite_version(*)
  [1m[36mSQL (4.2ms)[0m  [1m SELECT name
 FROM sqlite_master
 WHERE type = 'table' AND NOT name = 'sqlite_sequence'
[0m
  [1m[35mSQL (0.2ms)[0m   SELECT name
 FROM sqlite_master
 WHERE type = 'table' AND NOT name = 'sqlite_sequence'
  [1m[36mSQL (0.3ms)[0m  [1mSELECT "schema_migrations"."version" FROM "schema_migrations"[0m
Migrating to CreateArticles (20110118150340)
  [1m[35mSQL (0.1ms)[0m  select sqlite_version(*)
  [1m[36mSQL (3.2ms)[0m  [1mCREATE TABLE "articles" ("id" INTEGER PRIMARY KEY AUTOINCREMENT NOT NULL, "title" varchar(255), "content" varchar(255), "created_at" datetime, "updated_at" datetime) [0m
  [1m[35mSQL (13.8ms)[0m  INSERT INTO "schema_migrations" ("version") VALUES ('20110118150340')
  [1m[36mSQL (0.4ms)[0m  [1m SELECT name
 FROM sqlite_master
 WHERE type = 'table' AND NOT name = 'sqlite_sequence'
[0m
  [1m[35mSQL (0.3ms)[0m  SELECT "schema_migrations"."version" FROM "schema_migrations"
  [1m[36mSQL (0.3ms)[0m  [1m SELECT name
 FROM sqlite_master
 WHERE type = 'table' AND NOT name = 'sqlite_sequence'
[0m
  [1m[35mSQL (0.7ms)[0m  PRAGMA index_list("articles")
  [1m[36mSQL (5.7ms)[0m  [1m SELECT name
 FROM sqlite_master
 WHERE type = 'table' AND NOT name = 'sqlite_sequence'
[0m
  [1m[35mSQL (0.1ms)[0m   SELECT name
 FROM sqlite_master
 WHERE type = 'table' AND NOT name = 'sqlite_sequence'
  [1m[36mSQL (0.4ms)[0m  [1mSELECT "schema_migrations"."version" FROM "schema_migrations"[0m
  [1m[35mSQL (1.1ms)[0m  select sqlite_version(*)
  [1m[36mSQL (0.3ms)[0m  [1m SELECT name
 FROM sqlite_master
 WHERE type = 'table' AND NOT name = 'sqlite_sequence'
[0m
  [1m[35mSQL (173.3ms)[0m  CREATE TABLE "articles" ("id" INTEGER PRIMARY KEY AUTOINCREMENT NOT NULL, "title" varchar(255), "content" varchar(255), "created_at" datetime, "updated_at" datetime) 
  [1m[36mSQL (0.2ms)[0m  [1m SELECT name
 FROM sqlite_master
 WHERE type = 'table' AND NOT name = 'sqlite_sequence'
[0m
  [1m[35mSQL (95.4ms)[0m  CREATE TABLE "schema_migrations" ("version" varchar(255) NOT NULL) 
  [1m[36mSQL (0.1ms)[0m  [1mPRAGMA index_list("schema_migrations")[0m
  [1m[35mSQL (58.4ms)[0m  CREATE UNIQUE INDEX "unique_schema_migrations" ON "schema_migrations" ("version")
  [1m[36mSQL (0.1ms)[0m  [1m SELECT name
 FROM sqlite_master
 WHERE type = 'table' AND NOT name = 'sqlite_sequence'
[0m
  [1m[35mSQL (0.3ms)[0m  SELECT version FROM "schema_migrations"
  [1m[36mSQL (231.4ms)[0m  [1mINSERT INTO "schema_migrations" (version) VALUES ('20110118150340')[0m


Started GET "/articles" for 127.0.0.1 at 2011-01-18 18:39:32 -0430
  Processing by ArticlesController#index as HTML
  [1m[36mSQL (1.3ms)[0m  [1m SELECT name
 FROM sqlite_master
 WHERE type = 'table' AND NOT name = 'sqlite_sequence'
[0m
  [1m[35mArticle Load (0.2ms)[0m  SELECT "articles".* FROM "articles"
Rendered articles/index.html.erb within layouts/application (4.6ms)
Completed 200 OK in 146ms (Views: 10.1ms | ActiveRecord: 1.5ms)


Started GET "/articles/new" for 127.0.0.1 at 2011-01-18 18:39:37 -0430
  Processing by ArticlesController#new as HTML
Rendered articles/_form.html.erb (99.0ms)
Rendered articles/new.html.erb within layouts/application (115.7ms)
Completed 200 OK in 175ms (Views: 132.5ms | ActiveRecord: 0.0ms)


Started POST "/articles" for 127.0.0.1 at 2011-01-18 18:40:01 -0430
  Processing by ArticlesController#create as HTML
  Parameters: {"utf8"=>"✓", "authenticity_token"=>"MTgU95VXr6UgXGO+ZxQNyTRcKVR5kZuJYUqD3Bh0Guw=", "article"=>{"title"=>"la mama de la patata", "content"=>"drama, ficcion"}, "commit"=>"Create Article"}
  [1m[36mSQL (2.4ms)[0m  [1mINSERT INTO "articles" ("content", "created_at", "title", "updated_at") VALUES ('drama, ficcion', '2011-01-18 23:10:01.730367', 'la mama de la patata', '2011-01-18 23:10:01.730367')[0m
Redirected to http://localhost:3000/articles/1
Completed 302 Found in 179ms


Started GET "/articles/1" for 127.0.0.1 at 2011-01-18 18:40:01 -0430
  Processing by ArticlesController#show as HTML
  Parameters: {"id"=>"1"}
  [1m[35mArticle Load (0.4ms)[0m  SELECT "articles".* FROM "articles" WHERE ("articles"."id" = 1) LIMIT 1
Rendered articles/show.html.erb within layouts/application (12.0ms)
Completed 200 OK in 38ms (Views: 17.2ms | ActiveRecord: 0.4ms)


Started GET "/articles/1" for 127.0.0.1 at 2011-01-18 18:40:06 -0430
  Processing by ArticlesController#show as HTML
  Parameters: {"id"=>"1"}
  [1m[36mArticle Load (9.9ms)[0m  [1mSELECT "articles".* FROM "articles" WHERE ("articles"."id" = 1) LIMIT 1[0m
Rendered articles/show.html.erb within layouts/application (36.5ms)
Completed 200 OK in 96ms (Views: 56.8ms | ActiveRecord: 9.9ms)


Started GET "/articles/1/edit" for 127.0.0.1 at 2011-01-18 18:40:17 -0430
  Processing by ArticlesController#edit as HTML
  Parameters: {"id"=>"1"}
  [1m[35mArticle Load (17.7ms)[0m  SELECT "articles".* FROM "articles" WHERE ("articles"."id" = 1) LIMIT 1
Rendered articles/_form.html.erb (51.3ms)
Rendered articles/edit.html.erb within layouts/application (65.8ms)
Completed 200 OK in 221ms (Views: 137.9ms | ActiveRecord: 17.7ms)


Started GET "/articles" for 127.0.0.1 at 2011-01-18 18:40:23 -0430
  Processing by ArticlesController#index as HTML
  [1m[36mArticle Load (1.6ms)[0m  [1mSELECT "articles".* FROM "articles"[0m
Rendered articles/index.html.erb within layouts/application (14.9ms)
Completed 200 OK in 32ms (Views: 19.4ms | ActiveRecord: 1.6ms)


Started GET "/articles" for 127.0.0.1 at 2011-01-18 18:51:16 -0430
  Processing by ArticlesController#index as HTML
  [1m[36mSQL (1.4ms)[0m  [1m SELECT name
 FROM sqlite_master
 WHERE type = 'table' AND NOT name = 'sqlite_sequence'
[0m
  [1m[35mArticle Load (0.9ms)[0m  SELECT "articles".* FROM "articles"
Rendered articles/index.html.erb within layouts/application (15.5ms)
Completed 200 OK in 152ms (Views: 21.2ms | ActiveRecord: 2.2ms)


Started GET "/articles" for 127.0.0.1 at 2011-01-18 18:51:30 -0430
  Processing by ArticlesController#index as HTML
  [1m[36mArticle Load (0.3ms)[0m  [1mSELECT "articles".* FROM "articles"[0m
Rendered articles/index.html.erb within layouts/application (27.6ms)
Completed 200 OK in 61ms (Views: 38.5ms | ActiveRecord: 0.3ms)


Started GET "/articles" for 127.0.0.1 at 2011-01-18 18:51:32 -0430
  Processing by ArticlesController#index as HTML
  [1m[35mArticle Load (6.1ms)[0m  SELECT "articles".* FROM "articles"
Rendered articles/index.html.erb within layouts/application (22.7ms)
Completed 200 OK in 104ms (Views: 43.9ms | ActiveRecord: 6.1ms)


Started GET "/articles" for 127.0.0.1 at 2011-01-18 18:51:36 -0430
  Processing by ArticlesController#index as HTML
  [1m[36mArticle Load (0.9ms)[0m  [1mSELECT "articles".* FROM "articles"[0m
Rendered articles/index.html.erb within layouts/application (36.3ms)
Completed 200 OK in 100ms (Views: 55.7ms | ActiveRecord: 0.9ms)


Started GET "/articles" for 127.0.0.1 at 2011-01-20 12:04:25 -0430
  Processing by ArticlesController#index as HTML
  [1m[36mSQL (5.5ms)[0m  [1m SELECT name
 FROM sqlite_master
 WHERE type = 'table' AND NOT name = 'sqlite_sequence'
[0m
  [1m[35mArticle Load (0.4ms)[0m  SELECT "articles".* FROM "articles"
Rendered articles/index.html.erb within layouts/application (13.3ms)
Completed 200 OK in 161ms (Views: 18.4ms | ActiveRecord: 5.9ms)


Started GET "/articles/new" for 127.0.0.1 at 2011-01-20 12:04:30 -0430
  Processing by ArticlesController#new as HTML
Rendered articles/_form.html.erb (72.2ms)
Rendered articles/new.html.erb within layouts/application (195.9ms)
Completed 200 OK in 273ms (Views: 228.3ms | ActiveRecord: 0.0ms)


Started POST "/articles" for 127.0.0.1 at 2011-01-20 12:04:45 -0430
  Processing by ArticlesController#create as HTML
  Parameters: {"utf8"=>"✓", "authenticity_token"=>"v7mXAgX0HDTlmd0AzsrCRM5qPE7YsL1ZUTclgZ1xpVM=", "article"=>{"title"=>"esgar", "content"=>"es mi subdito"}, "commit"=>"Create Article"}
  [1m[36mSQL (1.2ms)[0m  [1mINSERT INTO "articles" ("content", "created_at", "title", "updated_at") VALUES ('es mi subdito', '2011-01-20 16:34:45.351461', 'esgar', '2011-01-20 16:34:45.351461')[0m
Redirected to http://localhost:3000/articles/2
Completed 302 Found in 218ms


Started GET "/articles/2" for 127.0.0.1 at 2011-01-20 12:04:45 -0430
  Processing by ArticlesController#show as HTML
  Parameters: {"id"=>"2"}
  [1m[35mArticle Load (0.4ms)[0m  SELECT "articles".* FROM "articles" WHERE ("articles"."id" = 2) LIMIT 1
Rendered articles/show.html.erb within layouts/application (50.9ms)
Completed 200 OK in 94ms (Views: 70.4ms | ActiveRecord: 0.4ms)


Started GET "/articles" for 127.0.0.1 at 2011-01-20 12:04:48 -0430
  Processing by ArticlesController#index as HTML
  [1m[36mArticle Load (7.6ms)[0m  [1mSELECT "articles".* FROM "articles"[0m
Rendered articles/index.html.erb within layouts/application (21.0ms)
Completed 200 OK in 55ms (Views: 28.9ms | ActiveRecord: 7.6ms)


Started GET "/articles" for 127.0.0.1 at 2011-01-20 12:04:57 -0430
  Processing by ArticlesController#index as HTML
  [1m[35mArticle Load (0.8ms)[0m  SELECT "articles".* FROM "articles"
Rendered articles/index.html.erb within layouts/application (55.7ms)
Completed 200 OK in 125ms (Views: 75.3ms | ActiveRecord: 0.8ms)


Started GET "/articles/new" for 127.0.0.1 at 2011-01-20 12:41:41 -0430
  Processing by ArticlesController#new as HTML
Rendered articles/_form.html.erb (38.5ms)
Rendered articles/new.html.erb within layouts/application (60.3ms)
Completed 200 OK in 124ms (Views: 77.5ms | ActiveRecord: 0.0ms)
  [1m[36mSQL (14.2ms)[0m  [1m SELECT name
 FROM sqlite_master
 WHERE type = 'table' AND NOT name = 'sqlite_sequence'
[0m
  [1m[35mSQL (0.5ms)[0m   SELECT name
 FROM sqlite_master
 WHERE type = 'table' AND NOT name = 'sqlite_sequence'
  [1m[36mSQL (0.4ms)[0m  [1mSELECT "schema_migrations"."version" FROM "schema_migrations"[0m
  [1m[35mSQL (0.5ms)[0m  select sqlite_version(*)
  [1m[36mSQL (0.2ms)[0m  [1m SELECT name
 FROM sqlite_master
 WHERE type = 'table' AND NOT name = 'sqlite_sequence'
[0m
  [1m[35mSQL (920.9ms)[0m  CREATE TABLE "articles" ("id" INTEGER PRIMARY KEY AUTOINCREMENT NOT NULL, "title" varchar(255), "content" varchar(255), "created_at" datetime, "updated_at" datetime) 
  [1m[36mSQL (0.4ms)[0m  [1m SELECT name
 FROM sqlite_master
 WHERE type = 'table' AND NOT name = 'sqlite_sequence'
[0m
  [1m[35mSQL (3.5ms)[0m  CREATE TABLE "schema_migrations" ("version" varchar(255) NOT NULL) 
  [1m[36mSQL (0.1ms)[0m  [1mPRAGMA index_list("schema_migrations")[0m
  [1m[35mSQL (4.4ms)[0m  CREATE UNIQUE INDEX "unique_schema_migrations" ON "schema_migrations" ("version")
  [1m[36mSQL (0.3ms)[0m  [1m SELECT name
 FROM sqlite_master
 WHERE type = 'table' AND NOT name = 'sqlite_sequence'
[0m
  [1m[35mSQL (0.2ms)[0m  SELECT version FROM "schema_migrations"
  [1m[36mSQL (3.4ms)[0m  [1mINSERT INTO "schema_migrations" (version) VALUES ('20110118150340')[0m
  [1m[36mSQL (0.5ms)[0m  [1m SELECT name
 FROM sqlite_master
 WHERE type = 'table' AND NOT name = 'sqlite_sequence'
[0m
  [1m[35mSQL (0.2ms)[0m   SELECT name
 FROM sqlite_master
 WHERE type = 'table' AND NOT name = 'sqlite_sequence'
  [1m[36mSQL (0.1ms)[0m  [1mSELECT "schema_migrations"."version" FROM "schema_migrations"[0m
  [1m[35mSQL (0.2ms)[0m  select sqlite_version(*)
  [1m[36mSQL (0.1ms)[0m  [1m SELECT name
 FROM sqlite_master
 WHERE type = 'table' AND NOT name = 'sqlite_sequence'
[0m
  [1m[35mSQL (5.0ms)[0m  CREATE TABLE "articles" ("id" INTEGER PRIMARY KEY AUTOINCREMENT NOT NULL, "title" varchar(255), "content" varchar(255), "created_at" datetime, "updated_at" datetime) 
  [1m[36mSQL (0.1ms)[0m  [1m SELECT name
 FROM sqlite_master
 WHERE type = 'table' AND NOT name = 'sqlite_sequence'
[0m
  [1m[35mSQL (3.0ms)[0m  CREATE TABLE "schema_migrations" ("version" varchar(255) NOT NULL) 
  [1m[36mSQL (0.1ms)[0m  [1mPRAGMA index_list("schema_migrations")[0m
  [1m[35mSQL (4.0ms)[0m  CREATE UNIQUE INDEX "unique_schema_migrations" ON "schema_migrations" ("version")
  [1m[36mSQL (0.1ms)[0m  [1m SELECT name
 FROM sqlite_master
 WHERE type = 'table' AND NOT name = 'sqlite_sequence'
[0m
  [1m[35mSQL (0.1ms)[0m  SELECT version FROM "schema_migrations"
  [1m[36mSQL (3.1ms)[0m  [1mINSERT INTO "schema_migrations" (version) VALUES ('20110118150340')[0m
  [1m[36mSQL (0.6ms)[0m  [1m SELECT name
 FROM sqlite_master
 WHERE type = 'table' AND NOT name = 'sqlite_sequence'
[0m
  [1m[35mSQL (0.2ms)[0m   SELECT name
 FROM sqlite_master
 WHERE type = 'table' AND NOT name = 'sqlite_sequence'
  [1m[36mSQL (0.1ms)[0m  [1mSELECT "schema_migrations"."version" FROM "schema_migrations"[0m
  [1m[35mSQL (0.2ms)[0m  select sqlite_version(*)
  [1m[36mSQL (0.1ms)[0m  [1m SELECT name
 FROM sqlite_master
 WHERE type = 'table' AND NOT name = 'sqlite_sequence'
[0m
  [1m[35mSQL (4.3ms)[0m  CREATE TABLE "articles" ("id" INTEGER PRIMARY KEY AUTOINCREMENT NOT NULL, "title" varchar(255), "content" varchar(255), "created_at" datetime, "updated_at" datetime) 
  [1m[36mSQL (0.1ms)[0m  [1m SELECT name
 FROM sqlite_master
 WHERE type = 'table' AND NOT name = 'sqlite_sequence'
[0m
  [1m[35mSQL (2.4ms)[0m  CREATE TABLE "schema_migrations" ("version" varchar(255) NOT NULL) 
  [1m[36mSQL (0.1ms)[0m  [1mPRAGMA index_list("schema_migrations")[0m
  [1m[35mSQL (3.2ms)[0m  CREATE UNIQUE INDEX "unique_schema_migrations" ON "schema_migrations" ("version")
  [1m[36mSQL (0.1ms)[0m  [1m SELECT name
 FROM sqlite_master
 WHERE type = 'table' AND NOT name = 'sqlite_sequence'
[0m
  [1m[35mSQL (0.1ms)[0m  SELECT version FROM "schema_migrations"
  [1m[36mSQL (3.4ms)[0m  [1mINSERT INTO "schema_migrations" (version) VALUES ('20110118150340')[0m


Started GET "/articles" for 127.0.0.1 at 2011-01-24 10:13:40 -0430
  Processing by ArticlesController#index as HTML
  [1m[36mSQL (0.6ms)[0m  [1m SELECT name
 FROM sqlite_master
 WHERE type = 'table' AND NOT name = 'sqlite_sequence'
[0m
  [1m[35mArticle Load (0.2ms)[0m  SELECT "articles".* FROM "articles"
Rendered articles/index.html.erb within layouts/application (19.0ms)
Completed 200 OK in 127ms (Views: 29.3ms | ActiveRecord: 0.8ms)


Started GET "/articles/new" for 127.0.0.1 at 2011-01-24 10:13:44 -0430
  Processing by ArticlesController#new as HTML
Rendered articles/_form.html.erb (52.3ms)
Rendered articles/new.html.erb within layouts/application (56.4ms)
Completed 200 OK in 71ms (Views: 61.1ms | ActiveRecord: 0.0ms)


Started GET "/articles" for 127.0.0.1 at 2011-01-24 10:13:48 -0430
  Processing by ArticlesController#index as HTML
  [1m[36mArticle Load (0.4ms)[0m  [1mSELECT "articles".* FROM "articles"[0m
Rendered articles/index.html.erb within layouts/application (38.5ms)
Completed 200 OK in 53ms (Views: 42.9ms | ActiveRecord: 0.4ms)


Started GET "/articles" for 127.0.0.1 at 2011-01-24 10:13:51 -0430
  Processing by ArticlesController#index as HTML
  [1m[35mArticle Load (0.5ms)[0m  SELECT "articles".* FROM "articles"
Rendered articles/index.html.erb within layouts/application (12.0ms)
Completed 200 OK in 27ms (Views: 16.1ms | ActiveRecord: 0.5ms)


Started GET "/articles" for 127.0.0.1 at 2011-01-24 10:13:52 -0430
  Processing by ArticlesController#index as HTML
  [1m[36mArticle Load (0.4ms)[0m  [1mSELECT "articles".* FROM "articles"[0m
Rendered articles/index.html.erb within layouts/application (12.9ms)
Completed 200 OK in 28ms (Views: 17.2ms | ActiveRecord: 0.4ms)


Started GET "/articles" for 127.0.0.1 at 2011-01-24 10:13:53 -0430
  Processing by ArticlesController#index as HTML
  [1m[35mArticle Load (0.4ms)[0m  SELECT "articles".* FROM "articles"
Rendered articles/index.html.erb within layouts/application (37.9ms)
Completed 200 OK in 52ms (Views: 42.6ms | ActiveRecord: 0.4ms)


Started GET "/articles" for 127.0.0.1 at 2011-01-24 10:13:54 -0430
  Processing by ArticlesController#index as HTML
  [1m[36mArticle Load (0.4ms)[0m  [1mSELECT "articles".* FROM "articles"[0m
Rendered articles/index.html.erb within layouts/application (12.1ms)
Completed 200 OK in 26ms (Views: 16.3ms | ActiveRecord: 0.4ms)


Started GET "/articles" for 127.0.0.1 at 2011-01-24 10:13:57 -0430
  Processing by ArticlesController#index as HTML
  [1m[35mArticle Load (0.4ms)[0m  SELECT "articles".* FROM "articles"
Rendered articles/index.html.erb within layouts/application (12.6ms)
Completed 200 OK in 27ms (Views: 17.0ms | ActiveRecord: 0.4ms)


Started GET "/articles" for 127.0.0.1 at 2011-01-24 10:13:59 -0430
  Processing by ArticlesController#index as HTML
  [1m[36mArticle Load (0.5ms)[0m  [1mSELECT "articles".* FROM "articles"[0m
Rendered articles/index.html.erb within layouts/application (38.5ms)
Completed 200 OK in 55ms (Views: 42.9ms | ActiveRecord: 0.5ms)


Started GET "/articles" for 127.0.0.1 at 2011-01-24 10:14:00 -0430
  Processing by ArticlesController#index as HTML
  [1m[35mArticle Load (0.4ms)[0m  SELECT "articles".* FROM "articles"
Rendered articles/index.html.erb within layouts/application (12.4ms)
Completed 200 OK in 27ms (Views: 16.7ms | ActiveRecord: 0.4ms)


Started GET "/articles" for 127.0.0.1 at 2011-01-24 10:14:03 -0430
  Processing by ArticlesController#index as HTML
  [1m[36mArticle Load (0.4ms)[0m  [1mSELECT "articles".* FROM "articles"[0m
Rendered articles/index.html.erb within layouts/application (12.7ms)
Completed 200 OK in 27ms (Views: 17.1ms | ActiveRecord: 0.4ms)


Started GET "/articles/2/edit" for 127.0.0.1 at 2011-01-24 10:14:15 -0430
  Processing by ArticlesController#edit as HTML
  Parameters: {"id"=>"2"}
  [1m[35mArticle Load (0.2ms)[0m  SELECT "articles".* FROM "articles" WHERE ("articles"."id" = 2) LIMIT 1
Rendered articles/_form.html.erb (15.6ms)
Rendered articles/edit.html.erb within layouts/application (22.1ms)
Completed 200 OK in 83ms (Views: 71.4ms | ActiveRecord: 0.2ms)


Started GET "/articles" for 127.0.0.1 at 2011-01-24 10:14:18 -0430
  Processing by ArticlesController#index as HTML
  [1m[36mArticle Load (0.4ms)[0m  [1mSELECT "articles".* FROM "articles"[0m
Rendered articles/index.html.erb within layouts/application (12.2ms)
Completed 200 OK in 27ms (Views: 17.0ms | ActiveRecord: 0.4ms)


Started GET "/articles/new" for 127.0.0.1 at 2011-01-24 10:26:24 -0430
  Processing by ArticlesController#new as HTML
Rendered articles/_form.html.erb (7.7ms)
Rendered articles/new.html.erb within layouts/application (11.7ms)
Completed 200 OK in 26ms (Views: 16.1ms | ActiveRecord: 0.0ms)


Started GET "/articles" for 127.0.0.1 at 2011-01-24 10:43:45 -0430
  Processing by ArticlesController#index as HTML
  [1m[35mArticle Load (0.4ms)[0m  SELECT "articles".* FROM "articles"
Rendered articles/index.html.erb within layouts/application (12.9ms)
Completed 200 OK in 27ms (Views: 17.2ms | ActiveRecord: 0.4ms)


Started GET "/articles" for 127.0.0.1 at 2011-01-24 10:43:49 -0430
  Processing by ArticlesController#index as HTML
  [1m[36mArticle Load (0.4ms)[0m  [1mSELECT "articles".* FROM "articles"[0m
Rendered articles/index.html.erb within layouts/application (38.8ms)
Completed 200 OK in 53ms (Views: 43.2ms | ActiveRecord: 0.4ms)


Started GET "/articles/2/edit" for 127.0.0.1 at 2011-01-24 10:43:55 -0430
  Processing by ArticlesController#edit as HTML
  Parameters: {"id"=>"2"}
  [1m[35mArticle Load (0.2ms)[0m  SELECT "articles".* FROM "articles" WHERE ("articles"."id" = 2) LIMIT 1
Rendered articles/_form.html.erb (10.3ms)
Rendered articles/edit.html.erb within layouts/application (14.2ms)
Completed 200 OK in 32ms (Views: 18.8ms | ActiveRecord: 0.2ms)


Started POST "/articles/2" for 127.0.0.1 at 2011-01-24 10:43:59 -0430
  Processing by ArticlesController#update as HTML
  Parameters: {"utf8"=>"✓", "authenticity_token"=>"RZUHLQpA5hJPgpm7ZbD05ipl3oHowyzUgwSDRuYRwT8=", "article"=>{"title"=>"esgar", "content"=>"es mi subdito"}, "commit"=>"Update Article", "id"=>"2"}
  [1m[36mArticle Load (0.2ms)[0m  [1mSELECT "articles".* FROM "articles" WHERE ("articles"."id" = 2) LIMIT 1[0m
Redirected to http://localhost:3000/articles/2
Completed 302 Found in 23ms


Started GET "/articles/2" for 127.0.0.1 at 2011-01-24 10:43:59 -0430
  Processing by ArticlesController#show as HTML
  Parameters: {"id"=>"2"}
  [1m[35mArticle Load (0.8ms)[0m  SELECT "articles".* FROM "articles" WHERE ("articles"."id" = 2) LIMIT 1
Rendered articles/show.html.erb within layouts/application (12.1ms)
Completed 200 OK in 53ms (Views: 38.8ms | ActiveRecord: 0.8ms)


Started GET "/articles" for 127.0.0.1 at 2011-01-24 10:44:48 -0430
  Processing by ArticlesController#index as HTML
  [1m[36mArticle Load (0.4ms)[0m  [1mSELECT "articles".* FROM "articles"[0m
Rendered articles/index.html.erb within layouts/application (11.9ms)
Completed 200 OK in 27ms (Views: 16.7ms | ActiveRecord: 0.4ms)


Started GET "/articles/new" for 127.0.0.1 at 2011-01-24 10:44:50 -0430
  Processing by ArticlesController#new as HTML
Rendered articles/_form.html.erb (8.1ms)
Rendered articles/new.html.erb within layouts/application (12.0ms)
Completed 200 OK in 30ms (Views: 16.7ms | ActiveRecord: 0.0ms)


Started GET "/articles" for 127.0.0.1 at 2011-01-24 10:44:52 -0430
  Processing by ArticlesController#index as HTML
  [1m[35mArticle Load (0.5ms)[0m  SELECT "articles".* FROM "articles"
Rendered articles/index.html.erb within layouts/application (42.8ms)
Completed 200 OK in 59ms (Views: 47.7ms | ActiveRecord: 0.5ms)


Started GET "/articles/2/edit" for 127.0.0.1 at 2011-01-24 10:44:55 -0430
  Processing by ArticlesController#edit as HTML
  Parameters: {"id"=>"2"}
  [1m[36mArticle Load (0.2ms)[0m  [1mSELECT "articles".* FROM "articles" WHERE ("articles"."id" = 2) LIMIT 1[0m
Rendered articles/_form.html.erb (10.2ms)
Rendered articles/edit.html.erb within layouts/application (14.1ms)
Completed 200 OK in 31ms (Views: 18.3ms | ActiveRecord: 0.2ms)


Started GET "/articles" for 127.0.0.1 at 2011-01-24 10:44:59 -0430
  Processing by ArticlesController#index as HTML
  [1m[35mArticle Load (0.4ms)[0m  SELECT "articles".* FROM "articles"
Rendered articles/index.html.erb within layouts/application (12.5ms)
Completed 200 OK in 27ms (Views: 17.1ms | ActiveRecord: 0.4ms)


Started GET "/articles" for 127.0.0.1 at 2011-01-24 10:45:01 -0430
  Processing by ArticlesController#index as HTML
  [1m[36mArticle Load (0.5ms)[0m  [1mSELECT "articles".* FROM "articles"[0m
Rendered articles/index.html.erb within layouts/application (36.5ms)
Completed 200 OK in 52ms (Views: 41.2ms | ActiveRecord: 0.5ms)


Started GET "/articles" for 127.0.0.1 at 2011-01-24 10:45:02 -0430
  Processing by ArticlesController#index as HTML
  [1m[35mArticle Load (0.4ms)[0m  SELECT "articles".* FROM "articles"
Rendered articles/index.html.erb within layouts/application (12.2ms)
Completed 200 OK in 27ms (Views: 16.7ms | ActiveRecord: 0.4ms)


Started GET "/articles" for 127.0.0.1 at 2011-01-24 10:45:03 -0430
  Processing by ArticlesController#index as HTML
  [1m[36mArticle Load (0.5ms)[0m  [1mSELECT "articles".* FROM "articles"[0m
Rendered articles/index.html.erb within layouts/application (12.5ms)
Completed 200 OK in 27ms (Views: 16.7ms | ActiveRecord: 0.5ms)


Started GET "/articles" for 127.0.0.1 at 2011-01-24 10:45:04 -0430
  Processing by ArticlesController#index as HTML
  [1m[35mArticle Load (2.2ms)[0m  SELECT "articles".* FROM "articles"
Rendered articles/index.html.erb within layouts/application (13.5ms)
Completed 200 OK in 55ms (Views: 18.3ms | ActiveRecord: 2.2ms)


Started GET "/articles" for 127.0.0.1 at 2011-01-24 10:45:05 -0430
  Processing by ArticlesController#index as HTML
  [1m[36mArticle Load (0.5ms)[0m  [1mSELECT "articles".* FROM "articles"[0m
Rendered articles/index.html.erb within layouts/application (13.9ms)
Completed 200 OK in 31ms (Views: 19.0ms | ActiveRecord: 0.5ms)


Started GET "/articles" for 127.0.0.1 at 2011-01-24 10:45:06 -0430
  Processing by ArticlesController#index as HTML
  [1m[35mArticle Load (0.4ms)[0m  SELECT "articles".* FROM "articles"
Rendered articles/index.html.erb within layouts/application (12.2ms)
Completed 200 OK in 27ms (Views: 16.8ms | ActiveRecord: 0.4ms)


Started GET "/articles" for 127.0.0.1 at 2011-01-24 10:45:06 -0430
  Processing by ArticlesController#index as HTML
  [1m[36mArticle Load (0.4ms)[0m  [1mSELECT "articles".* FROM "articles"[0m
Rendered articles/index.html.erb within layouts/application (13.1ms)
Completed 200 OK in 53ms (Views: 17.3ms | ActiveRecord: 0.4ms)


Started GET "/articles" for 127.0.0.1 at 2011-01-24 10:45:07 -0430
  Processing by ArticlesController#index as HTML
  [1m[35mArticle Load (0.5ms)[0m  SELECT "articles".* FROM "articles"
Rendered articles/index.html.erb within layouts/application (12.1ms)
Completed 200 OK in 27ms (Views: 16.8ms | ActiveRecord: 0.5ms)


Started GET "/articles" for 127.0.0.1 at 2011-01-24 10:45:08 -0430
  Processing by ArticlesController#index as HTML
  [1m[36mArticle Load (0.4ms)[0m  [1mSELECT "articles".* FROM "articles"[0m
Rendered articles/index.html.erb within layouts/application (12.1ms)
Completed 200 OK in 27ms (Views: 17.1ms | ActiveRecord: 0.4ms)


Started GET "/articles/2/edit" for 127.0.0.1 at 2011-01-24 10:45:11 -0430
  Processing by ArticlesController#edit as HTML
  Parameters: {"id"=>"2"}
  [1m[35mArticle Load (0.2ms)[0m  SELECT "articles".* FROM "articles" WHERE ("articles"."id" = 2) LIMIT 1
Rendered articles/_form.html.erb (11.0ms)
Rendered articles/edit.html.erb within layouts/application (15.4ms)
Completed 200 OK in 33ms (Views: 19.9ms | ActiveRecord: 0.2ms)


Started POST "/articles/2" for 127.0.0.1 at 2011-01-24 10:45:14 -0430
  Processing by ArticlesController#update as HTML
  Parameters: {"utf8"=>"✓", "authenticity_token"=>"RZUHLQpA5hJPgpm7ZbD05ipl3oHowyzUgwSDRuYRwT8=", "article"=>{"title"=>"esgar", "content"=>"es mi subdito"}, "commit"=>"Update Article", "id"=>"2"}
  [1m[36mArticle Load (0.2ms)[0m  [1mSELECT "articles".* FROM "articles" WHERE ("articles"."id" = 2) LIMIT 1[0m
Redirected to http://localhost:3000/articles/2
Completed 302 Found in 49ms


Started GET "/articles/2" for 127.0.0.1 at 2011-01-24 10:45:14 -0430
  Processing by ArticlesController#show as HTML
  Parameters: {"id"=>"2"}
  [1m[35mArticle Load (0.2ms)[0m  SELECT "articles".* FROM "articles" WHERE ("articles"."id" = 2) LIMIT 1
Rendered articles/show.html.erb within layouts/application (9.7ms)
Completed 200 OK in 30ms (Views: 14.1ms | ActiveRecord: 0.2ms)


Started GET "/articles" for 127.0.0.1 at 2011-01-24 10:45:16 -0430
  Processing by ArticlesController#index as HTML
  [1m[36mArticle Load (0.4ms)[0m  [1mSELECT "articles".* FROM "articles"[0m
Rendered articles/index.html.erb within layouts/application (13.3ms)
Completed 200 OK in 55ms (Views: 17.5ms | ActiveRecord: 0.4ms)


Started GET "/articles" for 127.0.0.1 at 2011-01-24 10:45:17 -0430
  Processing by ArticlesController#index as HTML
  [1m[35mArticle Load (0.4ms)[0m  SELECT "articles".* FROM "articles"
Rendered articles/index.html.erb within layouts/application (13.2ms)
Completed 200 OK in 28ms (Views: 17.8ms | ActiveRecord: 0.4ms)


Started GET "/articles/new" for 127.0.0.1 at 2011-01-24 10:45:18 -0430
  Processing by ArticlesController#new as HTML
Rendered articles/_form.html.erb (7.3ms)
Rendered articles/new.html.erb within layouts/application (11.1ms)
Completed 200 OK in 25ms (Views: 15.5ms | ActiveRecord: 0.0ms)


Started GET "/articles" for 127.0.0.1 at 2011-01-24 10:45:20 -0430
  Processing by ArticlesController#index as HTML
  [1m[36mArticle Load (0.4ms)[0m  [1mSELECT "articles".* FROM "articles"[0m
Rendered articles/index.html.erb within layouts/application (12.5ms)
Completed 200 OK in 52ms (Views: 16.8ms | ActiveRecord: 0.4ms)
  [1m[36mSQL (3.1ms)[0m  [1m SELECT name
 FROM sqlite_master
 WHERE type = 'table' AND NOT name = 'sqlite_sequence'
[0m
  [1m[35mSQL (0.2ms)[0m   SELECT name
 FROM sqlite_master
 WHERE type = 'table' AND NOT name = 'sqlite_sequence'
  [1m[36mSQL (0.3ms)[0m  [1mSELECT "schema_migrations"."version" FROM "schema_migrations"[0m
  [1m[35mSQL (0.4ms)[0m  select sqlite_version(*)
  [1m[36mSQL (0.1ms)[0m  [1m SELECT name
 FROM sqlite_master
 WHERE type = 'table' AND NOT name = 'sqlite_sequence'
[0m
  [1m[35mSQL (175.1ms)[0m  CREATE TABLE "articles" ("id" INTEGER PRIMARY KEY AUTOINCREMENT NOT NULL, "title" varchar(255), "content" varchar(255), "created_at" datetime, "updated_at" datetime) 
  [1m[36mSQL (0.5ms)[0m  [1m SELECT name
 FROM sqlite_master
 WHERE type = 'table' AND NOT name = 'sqlite_sequence'
[0m
  [1m[35mSQL (18.9ms)[0m  CREATE TABLE "schema_migrations" ("version" varchar(255) NOT NULL) 
  [1m[36mSQL (0.2ms)[0m  [1mPRAGMA index_list("schema_migrations")[0m
  [1m[35mSQL (34.7ms)[0m  CREATE UNIQUE INDEX "unique_schema_migrations" ON "schema_migrations" ("version")
  [1m[36mSQL (0.3ms)[0m  [1m SELECT name
 FROM sqlite_master
 WHERE type = 'table' AND NOT name = 'sqlite_sequence'
[0m
  [1m[35mSQL (0.3ms)[0m  SELECT version FROM "schema_migrations"
  [1m[36mSQL (8.5ms)[0m  [1mINSERT INTO "schema_migrations" (version) VALUES ('20110118150340')[0m
  [1m[36mSQL (3.7ms)[0m  [1m SELECT name
 FROM sqlite_master
 WHERE type = 'table' AND NOT name = 'sqlite_sequence'
[0m
  [1m[35mSQL (0.2ms)[0m   SELECT name
 FROM sqlite_master
 WHERE type = 'table' AND NOT name = 'sqlite_sequence'
  [1m[36mSQL (0.3ms)[0m  [1mSELECT "schema_migrations"."version" FROM "schema_migrations"[0m
  [1m[35mSQL (0.5ms)[0m  select sqlite_version(*)
  [1m[36mSQL (0.2ms)[0m  [1m SELECT name
 FROM sqlite_master
 WHERE type = 'table' AND NOT name = 'sqlite_sequence'
[0m
  [1m[35mSQL (103.2ms)[0m  CREATE TABLE "articles" ("id" INTEGER PRIMARY KEY AUTOINCREMENT NOT NULL, "title" varchar(255), "content" varchar(255), "created_at" datetime, "updated_at" datetime) 
  [1m[36mSQL (0.3ms)[0m  [1m SELECT name
 FROM sqlite_master
 WHERE type = 'table' AND NOT name = 'sqlite_sequence'
[0m
  [1m[35mSQL (12.3ms)[0m  CREATE TABLE "schema_migrations" ("version" varchar(255) NOT NULL) 
  [1m[36mSQL (0.1ms)[0m  [1mPRAGMA index_list("schema_migrations")[0m
  [1m[35mSQL (20.3ms)[0m  CREATE UNIQUE INDEX "unique_schema_migrations" ON "schema_migrations" ("version")
  [1m[36mSQL (0.3ms)[0m  [1m SELECT name
 FROM sqlite_master
 WHERE type = 'table' AND NOT name = 'sqlite_sequence'
[0m
  [1m[35mSQL (0.2ms)[0m  SELECT version FROM "schema_migrations"
  [1m[36mSQL (18.1ms)[0m  [1mINSERT INTO "schema_migrations" (version) VALUES ('20110118150340')[0m
  [1m[36mSQL (1.4ms)[0m  [1m SELECT name
 FROM sqlite_master
 WHERE type = 'table' AND NOT name = 'sqlite_sequence'
[0m
  [1m[35mSQL (0.3ms)[0m   SELECT name
 FROM sqlite_master
 WHERE type = 'table' AND NOT name = 'sqlite_sequence'
  [1m[36mSQL (0.3ms)[0m  [1mSELECT "schema_migrations"."version" FROM "schema_migrations"[0m
  [1m[35mSQL (0.3ms)[0m  select sqlite_version(*)
  [1m[36mSQL (0.2ms)[0m  [1m SELECT name
 FROM sqlite_master
 WHERE type = 'table' AND NOT name = 'sqlite_sequence'
[0m
  [1m[35mSQL (27.7ms)[0m  CREATE TABLE "articles" ("id" INTEGER PRIMARY KEY AUTOINCREMENT NOT NULL, "title" varchar(255), "content" varchar(255), "created_at" datetime, "updated_at" datetime) 
  [1m[36mSQL (0.2ms)[0m  [1m SELECT name
 FROM sqlite_master
 WHERE type = 'table' AND NOT name = 'sqlite_sequence'
[0m
  [1m[35mSQL (25.0ms)[0m  CREATE TABLE "schema_migrations" ("version" varchar(255) NOT NULL) 
  [1m[36mSQL (0.1ms)[0m  [1mPRAGMA index_list("schema_migrations")[0m
  [1m[35mSQL (10.0ms)[0m  CREATE UNIQUE INDEX "unique_schema_migrations" ON "schema_migrations" ("version")
  [1m[36mSQL (0.2ms)[0m  [1m SELECT name
 FROM sqlite_master
 WHERE type = 'table' AND NOT name = 'sqlite_sequence'
[0m
  [1m[35mSQL (0.1ms)[0m  SELECT version FROM "schema_migrations"
  [1m[36mSQL (6.5ms)[0m  [1mINSERT INTO "schema_migrations" (version) VALUES ('20110118150340')[0m
  [1m[36mSQL (3.2ms)[0m  [1m SELECT name
 FROM sqlite_master
 WHERE type = 'table' AND NOT name = 'sqlite_sequence'
[0m
  [1m[35mSQL (0.2ms)[0m   SELECT name
 FROM sqlite_master
 WHERE type = 'table' AND NOT name = 'sqlite_sequence'
  [1m[36mSQL (0.3ms)[0m  [1mSELECT "schema_migrations"."version" FROM "schema_migrations"[0m
  [1m[35mSQL (0.3ms)[0m  select sqlite_version(*)
  [1m[36mSQL (0.1ms)[0m  [1m SELECT name
 FROM sqlite_master
 WHERE type = 'table' AND NOT name = 'sqlite_sequence'
[0m
  [1m[35mSQL (106.6ms)[0m  CREATE TABLE "articles" ("id" INTEGER PRIMARY KEY AUTOINCREMENT NOT NULL, "title" varchar(255), "content" varchar(255), "created_at" datetime, "updated_at" datetime) 
  [1m[36mSQL (0.2ms)[0m  [1m SELECT name
 FROM sqlite_master
 WHERE type = 'table' AND NOT name = 'sqlite_sequence'
[0m
  [1m[35mSQL (32.1ms)[0m  CREATE TABLE "schema_migrations" ("version" varchar(255) NOT NULL) 
  [1m[36mSQL (0.1ms)[0m  [1mPRAGMA index_list("schema_migrations")[0m
  [1m[35mSQL (19.6ms)[0m  CREATE UNIQUE INDEX "unique_schema_migrations" ON "schema_migrations" ("version")
  [1m[36mSQL (0.0ms)[0m  [1m SELECT name
 FROM sqlite_master
 WHERE type = 'table' AND NOT name = 'sqlite_sequence'
[0m
  [1m[35mSQL (0.0ms)[0m  SELECT version FROM "schema_migrations"
  [1m[36mSQL (6.9ms)[0m  [1mINSERT INTO "schema_migrations" (version) VALUES ('20110118150340')[0m
  [1m[36mSQL (3.1ms)[0m  [1m SELECT name
 FROM sqlite_master
 WHERE type = 'table' AND NOT name = 'sqlite_sequence'
[0m
  [1m[35mSQL (0.3ms)[0m   SELECT name
 FROM sqlite_master
 WHERE type = 'table' AND NOT name = 'sqlite_sequence'
  [1m[36mSQL (0.3ms)[0m  [1mSELECT "schema_migrations"."version" FROM "schema_migrations"[0m
  [1m[35mSQL (0.3ms)[0m  select sqlite_version(*)
  [1m[36mSQL (0.1ms)[0m  [1m SELECT name
 FROM sqlite_master
 WHERE type = 'table' AND NOT name = 'sqlite_sequence'
[0m
  [1m[35mSQL (25.5ms)[0m  CREATE TABLE "articles" ("id" INTEGER PRIMARY KEY AUTOINCREMENT NOT NULL, "title" varchar(255), "content" varchar(255), "created_at" datetime, "updated_at" datetime) 
  [1m[36mSQL (0.2ms)[0m  [1m SELECT name
 FROM sqlite_master
 WHERE type = 'table' AND NOT name = 'sqlite_sequence'
[0m
  [1m[35mSQL (117.4ms)[0m  CREATE TABLE "schema_migrations" ("version" varchar(255) NOT NULL) 
  [1m[36mSQL (0.1ms)[0m  [1mPRAGMA index_list("schema_migrations")[0m
  [1m[35mSQL (103.1ms)[0m  CREATE UNIQUE INDEX "unique_schema_migrations" ON "schema_migrations" ("version")
  [1m[36mSQL (0.4ms)[0m  [1m SELECT name
 FROM sqlite_master
 WHERE type = 'table' AND NOT name = 'sqlite_sequence'
[0m
  [1m[35mSQL (0.2ms)[0m  SELECT version FROM "schema_migrations"
  [1m[36mSQL (9.3ms)[0m  [1mINSERT INTO "schema_migrations" (version) VALUES ('20110118150340')[0m
  [1m[36mSQL (9.2ms)[0m  [1m SELECT name
 FROM sqlite_master
 WHERE type = 'table' AND NOT name = 'sqlite_sequence'
[0m
  [1m[35mSQL (4.1ms)[0m   SELECT name
 FROM sqlite_master
 WHERE type = 'table' AND NOT name = 'sqlite_sequence'
  [1m[36mSQL (0.2ms)[0m  [1mSELECT "schema_migrations"."version" FROM "schema_migrations"[0m
  [1m[35mSQL (0.9ms)[0m  select sqlite_version(*)
  [1m[36mSQL (0.1ms)[0m  [1m SELECT name
 FROM sqlite_master
 WHERE type = 'table' AND NOT name = 'sqlite_sequence'
[0m
  [1m[35mSQL (66.7ms)[0m  CREATE TABLE "articles" ("id" INTEGER PRIMARY KEY AUTOINCREMENT NOT NULL, "title" varchar(255), "content" varchar(255), "created_at" datetime, "updated_at" datetime) 
  [1m[36mSQL (0.3ms)[0m  [1m SELECT name
 FROM sqlite_master
 WHERE type = 'table' AND NOT name = 'sqlite_sequence'
[0m
  [1m[35mSQL (92.8ms)[0m  CREATE TABLE "schema_migrations" ("version" varchar(255) NOT NULL) 
  [1m[36mSQL (0.1ms)[0m  [1mPRAGMA index_list("schema_migrations")[0m
  [1m[35mSQL (100.6ms)[0m  CREATE UNIQUE INDEX "unique_schema_migrations" ON "schema_migrations" ("version")
  [1m[36mSQL (0.2ms)[0m  [1m SELECT name
 FROM sqlite_master
 WHERE type = 'table' AND NOT name = 'sqlite_sequence'
[0m
  [1m[35mSQL (0.1ms)[0m  SELECT version FROM "schema_migrations"
  [1m[36mSQL (7.3ms)[0m  [1mINSERT INTO "schema_migrations" (version) VALUES ('20110118150340')[0m
  [1m[36mSQL (1.3ms)[0m  [1m SELECT name
 FROM sqlite_master
 WHERE type = 'table' AND NOT name = 'sqlite_sequence'
[0m
  [1m[35mSQL (4.2ms)[0m   SELECT name
 FROM sqlite_master
 WHERE type = 'table' AND NOT name = 'sqlite_sequence'
  [1m[36mSQL (0.4ms)[0m  [1mSELECT "schema_migrations"."version" FROM "schema_migrations"[0m
  [1m[35mSQL (0.4ms)[0m  select sqlite_version(*)
  [1m[36mSQL (0.1ms)[0m  [1m SELECT name
 FROM sqlite_master
 WHERE type = 'table' AND NOT name = 'sqlite_sequence'
[0m
  [1m[35mSQL (125.0ms)[0m  CREATE TABLE "articles" ("id" INTEGER PRIMARY KEY AUTOINCREMENT NOT NULL, "title" varchar(255), "content" varchar(255), "created_at" datetime, "updated_at" datetime) 
  [1m[36mSQL (0.2ms)[0m  [1m SELECT name
 FROM sqlite_master
 WHERE type = 'table' AND NOT name = 'sqlite_sequence'
[0m
  [1m[35mSQL (19.6ms)[0m  CREATE TABLE "schema_migrations" ("version" varchar(255) NOT NULL) 
  [1m[36mSQL (0.2ms)[0m  [1mPRAGMA index_list("schema_migrations")[0m
  [1m[35mSQL (30.5ms)[0m  CREATE UNIQUE INDEX "unique_schema_migrations" ON "schema_migrations" ("version")
  [1m[36mSQL (0.2ms)[0m  [1m SELECT name
 FROM sqlite_master
 WHERE type = 'table' AND NOT name = 'sqlite_sequence'
[0m
  [1m[35mSQL (0.1ms)[0m  SELECT version FROM "schema_migrations"
  [1m[36mSQL (7.1ms)[0m  [1mINSERT INTO "schema_migrations" (version) VALUES ('20110118150340')[0m
  [1m[36mSQL (1.4ms)[0m  [1m SELECT name
 FROM sqlite_master
 WHERE type = 'table' AND NOT name = 'sqlite_sequence'
[0m
  [1m[35mSQL (3.5ms)[0m   SELECT name
 FROM sqlite_master
 WHERE type = 'table' AND NOT name = 'sqlite_sequence'
  [1m[36mSQL (0.7ms)[0m  [1mSELECT "schema_migrations"."version" FROM "schema_migrations"[0m
  [1m[35mSQL (0.3ms)[0m  select sqlite_version(*)
  [1m[36mSQL (0.1ms)[0m  [1m SELECT name
 FROM sqlite_master
 WHERE type = 'table' AND NOT name = 'sqlite_sequence'
[0m
  [1m[35mSQL (79.1ms)[0m  CREATE TABLE "articles" ("id" INTEGER PRIMARY KEY AUTOINCREMENT NOT NULL, "title" varchar(255), "content" varchar(255), "created_at" datetime, "updated_at" datetime) 
  [1m[36mSQL (0.3ms)[0m  [1m SELECT name
 FROM sqlite_master
 WHERE type = 'table' AND NOT name = 'sqlite_sequence'
[0m
  [1m[35mSQL (89.5ms)[0m  CREATE TABLE "schema_migrations" ("version" varchar(255) NOT NULL) 
  [1m[36mSQL (0.0ms)[0m  [1mPRAGMA index_list("schema_migrations")[0m
  [1m[35mSQL (29.7ms)[0m  CREATE UNIQUE INDEX "unique_schema_migrations" ON "schema_migrations" ("version")
  [1m[36mSQL (0.1ms)[0m  [1m SELECT name
 FROM sqlite_master
 WHERE type = 'table' AND NOT name = 'sqlite_sequence'
[0m
  [1m[35mSQL (0.1ms)[0m  SELECT version FROM "schema_migrations"
  [1m[36mSQL (14.9ms)[0m  [1mINSERT INTO "schema_migrations" (version) VALUES ('20110118150340')[0m
  [1m[36mSQL (2.0ms)[0m  [1m SELECT name
 FROM sqlite_master
 WHERE type = 'table' AND NOT name = 'sqlite_sequence'
[0m
  [1m[35mSQL (4.5ms)[0m   SELECT name
 FROM sqlite_master
 WHERE type = 'table' AND NOT name = 'sqlite_sequence'
  [1m[36mSQL (0.0ms)[0m  [1mSELECT "schema_migrations"."version" FROM "schema_migrations"[0m
  [1m[35mSQL (0.2ms)[0m  select sqlite_version(*)
  [1m[36mSQL (0.1ms)[0m  [1m SELECT name
 FROM sqlite_master
 WHERE type = 'table' AND NOT name = 'sqlite_sequence'
[0m
  [1m[35mSQL (130.1ms)[0m  CREATE TABLE "articles" ("id" INTEGER PRIMARY KEY AUTOINCREMENT NOT NULL, "title" varchar(255), "content" varchar(255), "created_at" datetime, "updated_at" datetime) 
  [1m[36mSQL (0.3ms)[0m  [1m SELECT name
 FROM sqlite_master
 WHERE type = 'table' AND NOT name = 'sqlite_sequence'
[0m
  [1m[35mSQL (12.6ms)[0m  CREATE TABLE "schema_migrations" ("version" varchar(255) NOT NULL) 
  [1m[36mSQL (0.1ms)[0m  [1mPRAGMA index_list("schema_migrations")[0m
  [1m[35mSQL (12.8ms)[0m  CREATE UNIQUE INDEX "unique_schema_migrations" ON "schema_migrations" ("version")
  [1m[36mSQL (0.3ms)[0m  [1m SELECT name
 FROM sqlite_master
 WHERE type = 'table' AND NOT name = 'sqlite_sequence'
[0m
  [1m[35mSQL (0.5ms)[0m  SELECT version FROM "schema_migrations"
  [1m[36mSQL (8.0ms)[0m  [1mINSERT INTO "schema_migrations" (version) VALUES ('20110118150340')[0m
  [1m[36mSQL (1.6ms)[0m  [1m SELECT name
 FROM sqlite_master
 WHERE type = 'table' AND NOT name = 'sqlite_sequence'
[0m
  [1m[35mSQL (5.5ms)[0m   SELECT name
 FROM sqlite_master
 WHERE type = 'table' AND NOT name = 'sqlite_sequence'
  [1m[36mSQL (0.2ms)[0m  [1mSELECT "schema_migrations"."version" FROM "schema_migrations"[0m
  [1m[35mSQL (0.3ms)[0m  select sqlite_version(*)
  [1m[36mSQL (0.1ms)[0m  [1m SELECT name
 FROM sqlite_master
 WHERE type = 'table' AND NOT name = 'sqlite_sequence'
[0m
  [1m[35mSQL (26.2ms)[0m  CREATE TABLE "articles" ("id" INTEGER PRIMARY KEY AUTOINCREMENT NOT NULL, "title" varchar(255), "content" varchar(255), "created_at" datetime, "updated_at" datetime) 
  [1m[36mSQL (0.2ms)[0m  [1m SELECT name
 FROM sqlite_master
 WHERE type = 'table' AND NOT name = 'sqlite_sequence'
[0m
  [1m[35mSQL (6.0ms)[0m  CREATE TABLE "schema_migrations" ("version" varchar(255) NOT NULL) 
  [1m[36mSQL (0.1ms)[0m  [1mPRAGMA index_list("schema_migrations")[0m
  [1m[35mSQL (25.8ms)[0m  CREATE UNIQUE INDEX "unique_schema_migrations" ON "schema_migrations" ("version")
  [1m[36mSQL (0.2ms)[0m  [1m SELECT name
 FROM sqlite_master
 WHERE type = 'table' AND NOT name = 'sqlite_sequence'
[0m
  [1m[35mSQL (0.1ms)[0m  SELECT version FROM "schema_migrations"
  [1m[36mSQL (6.7ms)[0m  [1mINSERT INTO "schema_migrations" (version) VALUES ('20110118150340')[0m
  [1m[36mSQL (1.3ms)[0m  [1m SELECT name
 FROM sqlite_master
 WHERE type = 'table' AND NOT name = 'sqlite_sequence'
[0m
  [1m[35mSQL (3.4ms)[0m   SELECT name
 FROM sqlite_master
 WHERE type = 'table' AND NOT name = 'sqlite_sequence'
  [1m[36mSQL (0.3ms)[0m  [1mSELECT "schema_migrations"."version" FROM "schema_migrations"[0m
  [1m[35mSQL (0.3ms)[0m  select sqlite_version(*)
  [1m[36mSQL (0.2ms)[0m  [1m SELECT name
 FROM sqlite_master
 WHERE type = 'table' AND NOT name = 'sqlite_sequence'
[0m
  [1m[35mSQL (22.9ms)[0m  CREATE TABLE "articles" ("id" INTEGER PRIMARY KEY AUTOINCREMENT NOT NULL, "title" varchar(255), "content" varchar(255), "created_at" datetime, "updated_at" datetime) 
  [1m[36mSQL (0.2ms)[0m  [1m SELECT name
 FROM sqlite_master
 WHERE type = 'table' AND NOT name = 'sqlite_sequence'
[0m
  [1m[35mSQL (95.4ms)[0m  CREATE TABLE "schema_migrations" ("version" varchar(255) NOT NULL) 
  [1m[36mSQL (0.1ms)[0m  [1mPRAGMA index_list("schema_migrations")[0m
  [1m[35mSQL (12.7ms)[0m  CREATE UNIQUE INDEX "unique_schema_migrations" ON "schema_migrations" ("version")
  [1m[36mSQL (0.3ms)[0m  [1m SELECT name
 FROM sqlite_master
 WHERE type = 'table' AND NOT name = 'sqlite_sequence'
[0m
  [1m[35mSQL (0.2ms)[0m  SELECT version FROM "schema_migrations"
  [1m[36mSQL (8.4ms)[0m  [1mINSERT INTO "schema_migrations" (version) VALUES ('20110118150340')[0m
  [1m[36mSQL (1.4ms)[0m  [1m SELECT name
 FROM sqlite_master
 WHERE type = 'table' AND NOT name = 'sqlite_sequence'
[0m
  [1m[35mSQL (0.2ms)[0m   SELECT name
 FROM sqlite_master
 WHERE type = 'table' AND NOT name = 'sqlite_sequence'
  [1m[36mSQL (0.3ms)[0m  [1mSELECT "schema_migrations"."version" FROM "schema_migrations"[0m
  [1m[35mSQL (0.3ms)[0m  select sqlite_version(*)
  [1m[36mSQL (0.1ms)[0m  [1m SELECT name
 FROM sqlite_master
 WHERE type = 'table' AND NOT name = 'sqlite_sequence'
[0m
  [1m[35mSQL (111.9ms)[0m  CREATE TABLE "articles" ("id" INTEGER PRIMARY KEY AUTOINCREMENT NOT NULL, "title" varchar(255), "content" varchar(255), "created_at" datetime, "updated_at" datetime) 
  [1m[36mSQL (0.4ms)[0m  [1m SELECT name
 FROM sqlite_master
 WHERE type = 'table' AND NOT name = 'sqlite_sequence'
[0m
  [1m[35mSQL (85.3ms)[0m  CREATE TABLE "schema_migrations" ("version" varchar(255) NOT NULL) 
  [1m[36mSQL (0.1ms)[0m  [1mPRAGMA index_list("schema_migrations")[0m
  [1m[35mSQL (49.6ms)[0m  CREATE UNIQUE INDEX "unique_schema_migrations" ON "schema_migrations" ("version")
  [1m[36mSQL (0.4ms)[0m  [1m SELECT name
 FROM sqlite_master
 WHERE type = 'table' AND NOT name = 'sqlite_sequence'
[0m
  [1m[35mSQL (0.2ms)[0m  SELECT version FROM "schema_migrations"
  [1m[36mSQL (8.1ms)[0m  [1mINSERT INTO "schema_migrations" (version) VALUES ('20110118150340')[0m
  [1m[36mSQL (0.0ms)[0m  [1m SELECT name
 FROM sqlite_master
 WHERE type = 'table' AND NOT name = 'sqlite_sequence'
[0m
  [1m[35mSQL (0.0ms)[0m   SELECT name
 FROM sqlite_master
 WHERE type = 'table' AND NOT name = 'sqlite_sequence'
  [1m[36mSQL (0.0ms)[0m  [1mSELECT "schema_migrations"."version" FROM "schema_migrations"[0m
  [1m[35mSQL (0.1ms)[0m  select sqlite_version(*)
  [1m[36mSQL (0.3ms)[0m  [1m SELECT name
 FROM sqlite_master
 WHERE type = 'table' AND NOT name = 'sqlite_sequence'
[0m
  [1m[35mSQL (93.9ms)[0m  CREATE TABLE "articles" ("id" INTEGER PRIMARY KEY AUTOINCREMENT NOT NULL, "title" varchar(255), "content" varchar(255), "created_at" datetime, "updated_at" datetime) 
  [1m[36mSQL (0.3ms)[0m  [1m SELECT name
 FROM sqlite_master
 WHERE type = 'table' AND NOT name = 'sqlite_sequence'
[0m
  [1m[35mSQL (103.0ms)[0m  CREATE TABLE "schema_migrations" ("version" varchar(255) NOT NULL) 
  [1m[36mSQL (0.1ms)[0m  [1mPRAGMA index_list("schema_migrations")[0m
  [1m[35mSQL (150.4ms)[0m  CREATE UNIQUE INDEX "unique_schema_migrations" ON "schema_migrations" ("version")
  [1m[36mSQL (0.4ms)[0m  [1m SELECT name
 FROM sqlite_master
 WHERE type = 'table' AND NOT name = 'sqlite_sequence'
[0m
  [1m[35mSQL (0.2ms)[0m  SELECT version FROM "schema_migrations"
  [1m[36mSQL (10.6ms)[0m  [1mINSERT INTO "schema_migrations" (version) VALUES ('20110118150340')[0m
  [1m[36mSQL (1.2ms)[0m  [1m SELECT name
 FROM sqlite_master
 WHERE type = 'table' AND NOT name = 'sqlite_sequence'
[0m
  [1m[35mSQL (3.3ms)[0m   SELECT name
 FROM sqlite_master
 WHERE type = 'table' AND NOT name = 'sqlite_sequence'
  [1m[36mSQL (0.6ms)[0m  [1mSELECT "schema_migrations"."version" FROM "schema_migrations"[0m
  [1m[35mSQL (0.3ms)[0m  select sqlite_version(*)
  [1m[36mSQL (0.2ms)[0m  [1m SELECT name
 FROM sqlite_master
 WHERE type = 'table' AND NOT name = 'sqlite_sequence'
[0m
  [1m[35mSQL (134.8ms)[0m  CREATE TABLE "articles" ("id" INTEGER PRIMARY KEY AUTOINCREMENT NOT NULL, "title" varchar(255), "content" varchar(255), "created_at" datetime, "updated_at" datetime) 
  [1m[36mSQL (0.3ms)[0m  [1m SELECT name
 FROM sqlite_master
 WHERE type = 'table' AND NOT name = 'sqlite_sequence'
[0m
  [1m[35mSQL (9.0ms)[0m  CREATE TABLE "schema_migrations" ("version" varchar(255) NOT NULL) 
  [1m[36mSQL (0.1ms)[0m  [1mPRAGMA index_list("schema_migrations")[0m
  [1m[35mSQL (134.7ms)[0m  CREATE UNIQUE INDEX "unique_schema_migrations" ON "schema_migrations" ("version")
  [1m[36mSQL (0.3ms)[0m  [1m SELECT name
 FROM sqlite_master
 WHERE type = 'table' AND NOT name = 'sqlite_sequence'
[0m
  [1m[35mSQL (0.2ms)[0m  SELECT version FROM "schema_migrations"
  [1m[36mSQL (84.0ms)[0m  [1mINSERT INTO "schema_migrations" (version) VALUES ('20110118150340')[0m
  [1m[36mSQL (1.3ms)[0m  [1m SELECT name
 FROM sqlite_master
 WHERE type = 'table' AND NOT name = 'sqlite_sequence'
[0m
  [1m[35mSQL (0.2ms)[0m   SELECT name
 FROM sqlite_master
 WHERE type = 'table' AND NOT name = 'sqlite_sequence'
  [1m[36mSQL (0.3ms)[0m  [1mSELECT "schema_migrations"."version" FROM "schema_migrations"[0m
  [1m[35mSQL (0.3ms)[0m  select sqlite_version(*)
  [1m[36mSQL (0.1ms)[0m  [1m SELECT name
 FROM sqlite_master
 WHERE type = 'table' AND NOT name = 'sqlite_sequence'
[0m
  [1m[35mSQL (119.9ms)[0m  CREATE TABLE "articles" ("id" INTEGER PRIMARY KEY AUTOINCREMENT NOT NULL, "title" varchar(255), "content" varchar(255), "created_at" datetime, "updated_at" datetime) 
  [1m[36mSQL (0.2ms)[0m  [1m SELECT name
 FROM sqlite_master
 WHERE type = 'table' AND NOT name = 'sqlite_sequence'
[0m
  [1m[35mSQL (10.4ms)[0m  CREATE TABLE "schema_migrations" ("version" varchar(255) NOT NULL) 
  [1m[36mSQL (0.1ms)[0m  [1mPRAGMA index_list("schema_migrations")[0m
  [1m[35mSQL (169.3ms)[0m  CREATE UNIQUE INDEX "unique_schema_migrations" ON "schema_migrations" ("version")
  [1m[36mSQL (0.3ms)[0m  [1m SELECT name
 FROM sqlite_master
 WHERE type = 'table' AND NOT name = 'sqlite_sequence'
[0m
  [1m[35mSQL (0.5ms)[0m  SELECT version FROM "schema_migrations"
  [1m[36mSQL (92.3ms)[0m  [1mINSERT INTO "schema_migrations" (version) VALUES ('20110118150340')[0m
  [1m[36mSQL (1.6ms)[0m  [1m SELECT name
 FROM sqlite_master
 WHERE type = 'table' AND NOT name = 'sqlite_sequence'
[0m
  [1m[35mSQL (4.1ms)[0m   SELECT name
 FROM sqlite_master
 WHERE type = 'table' AND NOT name = 'sqlite_sequence'
  [1m[36mSQL (0.3ms)[0m  [1mSELECT "schema_migrations"."version" FROM "schema_migrations"[0m
  [1m[35mSQL (0.3ms)[0m  select sqlite_version(*)
  [1m[36mSQL (0.1ms)[0m  [1m SELECT name
 FROM sqlite_master
 WHERE type = 'table' AND NOT name = 'sqlite_sequence'
[0m
  [1m[35mSQL (150.4ms)[0m  CREATE TABLE "articles" ("id" INTEGER PRIMARY KEY AUTOINCREMENT NOT NULL, "title" varchar(255), "content" varchar(255), "created_at" datetime, "updated_at" datetime) 
  [1m[36mSQL (0.3ms)[0m  [1m SELECT name
 FROM sqlite_master
 WHERE type = 'table' AND NOT name = 'sqlite_sequence'
[0m
  [1m[35mSQL (7.5ms)[0m  CREATE TABLE "schema_migrations" ("version" varchar(255) NOT NULL) 
  [1m[36mSQL (0.0ms)[0m  [1mPRAGMA index_list("schema_migrations")[0m
  [1m[35mSQL (17.5ms)[0m  CREATE UNIQUE INDEX "unique_schema_migrations" ON "schema_migrations" ("version")
  [1m[36mSQL (0.8ms)[0m  [1m SELECT name
 FROM sqlite_master
 WHERE type = 'table' AND NOT name = 'sqlite_sequence'
[0m
  [1m[35mSQL (0.3ms)[0m  SELECT version FROM "schema_migrations"
  [1m[36mSQL (90.8ms)[0m  [1mINSERT INTO "schema_migrations" (version) VALUES ('20110118150340')[0m
  [1m[36mSQL (2.8ms)[0m  [1m SELECT name
 FROM sqlite_master
 WHERE type = 'table' AND NOT name = 'sqlite_sequence'
[0m
  [1m[35mSQL (6.5ms)[0m   SELECT name
 FROM sqlite_master
 WHERE type = 'table' AND NOT name = 'sqlite_sequence'
  [1m[36mSQL (0.3ms)[0m  [1mSELECT "schema_migrations"."version" FROM "schema_migrations"[0m
  [1m[35mSQL (0.3ms)[0m  select sqlite_version(*)
  [1m[36mSQL (0.1ms)[0m  [1m SELECT name
 FROM sqlite_master
 WHERE type = 'table' AND NOT name = 'sqlite_sequence'
[0m
  [1m[35mSQL (70.2ms)[0m  CREATE TABLE "articles" ("id" INTEGER PRIMARY KEY AUTOINCREMENT NOT NULL, "title" varchar(255), "content" varchar(255), "created_at" datetime, "updated_at" datetime) 
  [1m[36mSQL (0.2ms)[0m  [1m SELECT name
 FROM sqlite_master
 WHERE type = 'table' AND NOT name = 'sqlite_sequence'
[0m
  [1m[35mSQL (20.4ms)[0m  CREATE TABLE "schema_migrations" ("version" varchar(255) NOT NULL) 
  [1m[36mSQL (0.1ms)[0m  [1mPRAGMA index_list("schema_migrations")[0m
  [1m[35mSQL (10.6ms)[0m  CREATE UNIQUE INDEX "unique_schema_migrations" ON "schema_migrations" ("version")
  [1m[36mSQL (0.4ms)[0m  [1m SELECT name
 FROM sqlite_master
 WHERE type = 'table' AND NOT name = 'sqlite_sequence'
[0m
  [1m[35mSQL (0.2ms)[0m  SELECT version FROM "schema_migrations"
  [1m[36mSQL (8.6ms)[0m  [1mINSERT INTO "schema_migrations" (version) VALUES ('20110118150340')[0m
  [1m[36mSQL (1.5ms)[0m  [1m SELECT name
 FROM sqlite_master
 WHERE type = 'table' AND NOT name = 'sqlite_sequence'
[0m
  [1m[35mSQL (4.9ms)[0m   SELECT name
 FROM sqlite_master
 WHERE type = 'table' AND NOT name = 'sqlite_sequence'
  [1m[36mSQL (0.3ms)[0m  [1mSELECT "schema_migrations"."version" FROM "schema_migrations"[0m
  [1m[35mSQL (0.4ms)[0m  select sqlite_version(*)
  [1m[36mSQL (0.2ms)[0m  [1m SELECT name
 FROM sqlite_master
 WHERE type = 'table' AND NOT name = 'sqlite_sequence'
[0m
  [1m[35mSQL (19.5ms)[0m  CREATE TABLE "articles" ("id" INTEGER PRIMARY KEY AUTOINCREMENT NOT NULL, "title" varchar(255), "content" varchar(255), "created_at" datetime, "updated_at" datetime) 
  [1m[36mSQL (0.2ms)[0m  [1m SELECT name
 FROM sqlite_master
 WHERE type = 'table' AND NOT name = 'sqlite_sequence'
[0m
  [1m[35mSQL (6.2ms)[0m  CREATE TABLE "schema_migrations" ("version" varchar(255) NOT NULL) 
  [1m[36mSQL (0.1ms)[0m  [1mPRAGMA index_list("schema_migrations")[0m
  [1m[35mSQL (9.3ms)[0m  CREATE UNIQUE INDEX "unique_schema_migrations" ON "schema_migrations" ("version")
  [1m[36mSQL (0.3ms)[0m  [1m SELECT name
 FROM sqlite_master
 WHERE type = 'table' AND NOT name = 'sqlite_sequence'
[0m
  [1m[35mSQL (0.1ms)[0m  SELECT version FROM "schema_migrations"
  [1m[36mSQL (166.4ms)[0m  [1mINSERT INTO "schema_migrations" (version) VALUES ('20110118150340')[0m
  [1m[36mSQL (1.4ms)[0m  [1m SELECT name
 FROM sqlite_master
 WHERE type = 'table' AND NOT name = 'sqlite_sequence'
[0m
  [1m[35mSQL (3.4ms)[0m   SELECT name
 FROM sqlite_master
 WHERE type = 'table' AND NOT name = 'sqlite_sequence'
  [1m[36mSQL (0.2ms)[0m  [1mSELECT "schema_migrations"."version" FROM "schema_migrations"[0m
  [1m[35mSQL (0.4ms)[0m  select sqlite_version(*)
  [1m[36mSQL (0.1ms)[0m  [1m SELECT name
 FROM sqlite_master
 WHERE type = 'table' AND NOT name = 'sqlite_sequence'
[0m
  [1m[35mSQL (83.7ms)[0m  CREATE TABLE "articles" ("id" INTEGER PRIMARY KEY AUTOINCREMENT NOT NULL, "title" varchar(255), "content" varchar(255), "created_at" datetime, "updated_at" datetime) 
  [1m[36mSQL (0.2ms)[0m  [1m SELECT name
 FROM sqlite_master
 WHERE type = 'table' AND NOT name = 'sqlite_sequence'
[0m
  [1m[35mSQL (129.1ms)[0m  CREATE TABLE "schema_migrations" ("version" varchar(255) NOT NULL) 
  [1m[36mSQL (0.2ms)[0m  [1mPRAGMA index_list("schema_migrations")[0m
  [1m[35mSQL (6.0ms)[0m  CREATE UNIQUE INDEX "unique_schema_migrations" ON "schema_migrations" ("version")
  [1m[36mSQL (7.1ms)[0m  [1m SELECT name
 FROM sqlite_master
 WHERE type = 'table' AND NOT name = 'sqlite_sequence'
[0m
  [1m[35mSQL (0.2ms)[0m  SELECT version FROM "schema_migrations"
  [1m[36mSQL (9.9ms)[0m  [1mINSERT INTO "schema_migrations" (version) VALUES ('20110118150340')[0m
  [1m[36mSQL (1.0ms)[0m  [1m SELECT name
 FROM sqlite_master
 WHERE type = 'table' AND NOT name = 'sqlite_sequence'
[0m
  [1m[35mSQL (0.2ms)[0m   SELECT name
 FROM sqlite_master
 WHERE type = 'table' AND NOT name = 'sqlite_sequence'
  [1m[36mSQL (0.3ms)[0m  [1mSELECT "schema_migrations"."version" FROM "schema_migrations"[0m
  [1m[35mSQL (0.0ms)[0m  select sqlite_version(*)
  [1m[36mSQL (0.0ms)[0m  [1m SELECT name
 FROM sqlite_master
 WHERE type = 'table' AND NOT name = 'sqlite_sequence'
[0m
  [1m[35mSQL (57.7ms)[0m  CREATE TABLE "articles" ("id" INTEGER PRIMARY KEY AUTOINCREMENT NOT NULL, "title" varchar(255), "content" varchar(255), "created_at" datetime, "updated_at" datetime) 
  [1m[36mSQL (0.3ms)[0m  [1m SELECT name
 FROM sqlite_master
 WHERE type = 'table' AND NOT name = 'sqlite_sequence'
[0m
  [1m[35mSQL (20.1ms)[0m  CREATE TABLE "schema_migrations" ("version" varchar(255) NOT NULL) 
  [1m[36mSQL (0.1ms)[0m  [1mPRAGMA index_list("schema_migrations")[0m
  [1m[35mSQL (106.7ms)[0m  CREATE UNIQUE INDEX "unique_schema_migrations" ON "schema_migrations" ("version")
  [1m[36mSQL (0.3ms)[0m  [1m SELECT name
 FROM sqlite_master
 WHERE type = 'table' AND NOT name = 'sqlite_sequence'
[0m
  [1m[35mSQL (0.3ms)[0m  SELECT version FROM "schema_migrations"
  [1m[36mSQL (11.4ms)[0m  [1mINSERT INTO "schema_migrations" (version) VALUES ('20110118150340')[0m
  [1m[36mSQL (3.9ms)[0m  [1m SELECT name
 FROM sqlite_master
 WHERE type = 'table' AND NOT name = 'sqlite_sequence'
[0m
  [1m[35mSQL (0.3ms)[0m   SELECT name
 FROM sqlite_master
 WHERE type = 'table' AND NOT name = 'sqlite_sequence'
  [1m[36mSQL (0.4ms)[0m  [1mSELECT "schema_migrations"."version" FROM "schema_migrations"[0m
Migrating to CreateArticles (20110118150340)
Migrating to DeviseCreateUsers (20110131195507)
  [1m[35mSQL (0.1ms)[0m  select sqlite_version(*)
  [1m[36mSQL (1.0ms)[0m  [1mCREATE TABLE "users" ("id" INTEGER PRIMARY KEY AUTOINCREMENT NOT NULL, "email" varchar(255) DEFAULT '' NOT NULL, "encrypted_password" varchar(128) DEFAULT '' NOT NULL, "password_salt" varchar(255) DEFAULT '' NOT NULL, "reset_password_token" varchar(255), "remember_token" varchar(255), "remember_created_at" datetime, "sign_in_count" integer DEFAULT 0, "current_sign_in_at" datetime, "last_sign_in_at" datetime, "current_sign_in_ip" varchar(255), "last_sign_in_ip" varchar(255), "created_at" datetime, "updated_at" datetime) [0m
  [1m[35mSQL (0.1ms)[0m  PRAGMA index_list("users")
  [1m[36mSQL (0.5ms)[0m  [1mCREATE UNIQUE INDEX "index_users_on_email" ON "users" ("email")[0m
  [1m[35mSQL (0.2ms)[0m  PRAGMA index_list("users")
  [1m[36mSQL (0.1ms)[0m  [1mPRAGMA index_info('index_users_on_email')[0m
  [1m[35mSQL (0.5ms)[0m  CREATE UNIQUE INDEX "index_users_on_reset_password_token" ON "users" ("reset_password_token")
  [1m[36mSQL (0.2ms)[0m  [1mINSERT INTO "schema_migrations" ("version") VALUES ('20110131195507')[0m
  [1m[35mSQL (0.2ms)[0m   SELECT name
 FROM sqlite_master
 WHERE type = 'table' AND NOT name = 'sqlite_sequence'
  [1m[36mSQL (0.3ms)[0m  [1mSELECT "schema_migrations"."version" FROM "schema_migrations"[0m
  [1m[35mSQL (0.3ms)[0m   SELECT name
 FROM sqlite_master
 WHERE type = 'table' AND NOT name = 'sqlite_sequence'
  [1m[36mSQL (0.1ms)[0m  [1mPRAGMA index_list("articles")[0m
  [1m[35mSQL (0.2ms)[0m  PRAGMA index_list("users")
  [1m[36mSQL (0.1ms)[0m  [1mPRAGMA index_info('index_users_on_reset_password_token')[0m
  [1m[35mSQL (0.2ms)[0m  PRAGMA index_info('index_users_on_email')
  [1m[36mSQL (10.5ms)[0m  [1m SELECT name
 FROM sqlite_master
 WHERE type = 'table' AND NOT name = 'sqlite_sequence'
[0m
  [1m[35mSQL (0.3ms)[0m   SELECT name
 FROM sqlite_master
 WHERE type = 'table' AND NOT name = 'sqlite_sequence'
  [1m[36mSQL (0.2ms)[0m  [1mSELECT "schema_migrations"."version" FROM "schema_migrations"[0m
Migrating to CreateArticles (20110118150340)
Migrating to DeviseCreateUsers (20110131195507)
  [1m[35mSQL (0.3ms)[0m  select sqlite_version(*)
  [1m[36mSQL (0.2ms)[0m  [1m SELECT name
 FROM sqlite_master
 WHERE type = 'table' AND NOT name = 'sqlite_sequence'
[0m
  [1m[35mSQL (0.2ms)[0m  SELECT "schema_migrations"."version" FROM "schema_migrations"
  [1m[36mSQL (14.2ms)[0m  [1m SELECT name
 FROM sqlite_master
 WHERE type = 'table' AND NOT name = 'sqlite_sequence'
[0m
  [1m[35mSQL (3.2ms)[0m  PRAGMA index_list("articles")
  [1m[36mSQL (0.2ms)[0m  [1mPRAGMA index_list("users")[0m
  [1m[35mSQL (0.1ms)[0m  PRAGMA index_info('index_users_on_reset_password_token')
  [1m[36mSQL (0.1ms)[0m  [1mPRAGMA index_info('index_users_on_email')[0m
  [1m[36mSQL (1.6ms)[0m  [1m SELECT name
 FROM sqlite_master
 WHERE type = 'table' AND NOT name = 'sqlite_sequence'
[0m
  [1m[35mSQL (0.2ms)[0m   SELECT name
 FROM sqlite_master
 WHERE type = 'table' AND NOT name = 'sqlite_sequence'
  [1m[36mSQL (0.2ms)[0m  [1mSELECT "schema_migrations"."version" FROM "schema_migrations"[0m
  [1m[35mSQL (0.3ms)[0m  select sqlite_version(*)
  [1m[36mSQL (0.1ms)[0m  [1m SELECT name
 FROM sqlite_master
 WHERE type = 'table' AND NOT name = 'sqlite_sequence'
[0m
  [1m[35mSQL (12.8ms)[0m  CREATE TABLE "articles" ("id" INTEGER PRIMARY KEY AUTOINCREMENT NOT NULL, "title" varchar(255), "content" varchar(255), "created_at" datetime, "updated_at" datetime) 
  [1m[36mSQL (0.2ms)[0m  [1m SELECT name
 FROM sqlite_master
 WHERE type = 'table' AND NOT name = 'sqlite_sequence'
[0m
  [1m[35mSQL (6.4ms)[0m  CREATE TABLE "users" ("id" INTEGER PRIMARY KEY AUTOINCREMENT NOT NULL, "email" varchar(255) DEFAULT '' NOT NULL, "encrypted_password" varchar(128) DEFAULT '' NOT NULL, "password_salt" varchar(255) DEFAULT '' NOT NULL, "reset_password_token" varchar(255), "remember_token" varchar(255), "remember_created_at" datetime, "sign_in_count" integer DEFAULT 0, "current_sign_in_at" datetime, "last_sign_in_at" datetime, "current_sign_in_ip" varchar(255), "last_sign_in_ip" varchar(255), "created_at" datetime, "updated_at" datetime) 
  [1m[36mSQL (0.1ms)[0m  [1mPRAGMA index_list("users")[0m
  [1m[35mSQL (9.0ms)[0m  CREATE UNIQUE INDEX "index_users_on_email" ON "users" ("email")
  [1m[36mSQL (0.1ms)[0m  [1mPRAGMA index_list("users")[0m
  [1m[35mSQL (0.1ms)[0m  PRAGMA index_info('index_users_on_email')
  [1m[36mSQL (7.3ms)[0m  [1mCREATE UNIQUE INDEX "index_users_on_reset_password_token" ON "users" ("reset_password_token")[0m
  [1m[35mSQL (0.1ms)[0m   SELECT name
 FROM sqlite_master
 WHERE type = 'table' AND NOT name = 'sqlite_sequence'
  [1m[36mSQL (7.4ms)[0m  [1mCREATE TABLE "schema_migrations" ("version" varchar(255) NOT NULL) [0m
  [1m[35mSQL (0.1ms)[0m  PRAGMA index_list("schema_migrations")
  [1m[36mSQL (7.5ms)[0m  [1mCREATE UNIQUE INDEX "unique_schema_migrations" ON "schema_migrations" ("version")[0m
  [1m[35mSQL (0.2ms)[0m   SELECT name
 FROM sqlite_master
 WHERE type = 'table' AND NOT name = 'sqlite_sequence'
  [1m[36mSQL (0.1ms)[0m  [1mSELECT version FROM "schema_migrations"[0m
  [1m[35mSQL (5.7ms)[0m  INSERT INTO "schema_migrations" (version) VALUES ('20110131195507')
  [1m[36mSQL (6.3ms)[0m  [1mINSERT INTO "schema_migrations" (version) VALUES ('20110118150340')[0m


Started GET "/articles" for 127.0.0.1 at 2011-01-31 16:40:20 -0430
  Processing by ArticlesController#index as HTML
  [1m[36mSQL (6.3ms)[0m  [1m SELECT name
 FROM sqlite_master
 WHERE type = 'table' AND NOT name = 'sqlite_sequence'
[0m
  [1m[35mArticle Load (0.3ms)[0m  SELECT "articles".* FROM "articles"
Rendered articles/index.html.erb within layouts/application (18.7ms)
Completed 200 OK in 168ms (Views: 29.1ms | ActiveRecord: 6.6ms)


Started GET "/articles" for 127.0.0.1 at 2011-01-31 16:40:30 -0430
  Processing by ArticlesController#index as HTML
  [1m[36mArticle Load (0.6ms)[0m  [1mSELECT "articles".* FROM "articles"[0m
Rendered articles/index.html.erb within layouts/application (31.0ms)
Completed 200 OK in 53ms (Views: 37.5ms | ActiveRecord: 0.6ms)


Started GET "/articles" for 127.0.0.1 at 2011-01-31 16:40:32 -0430
  Processing by ArticlesController#index as HTML
  [1m[35mArticle Load (0.9ms)[0m  SELECT "articles".* FROM "articles"
Rendered articles/index.html.erb within layouts/application (72.7ms)
Completed 200 OK in 133ms (Views: 98.1ms | ActiveRecord: 0.9ms)


Started GET "/articles" for 127.0.0.1 at 2011-01-31 16:40:32 -0430
  Processing by ArticlesController#index as HTML
  [1m[36mArticle Load (0.6ms)[0m  [1mSELECT "articles".* FROM "articles"[0m
Rendered articles/index.html.erb within layouts/application (32.2ms)
Completed 200 OK in 52ms (Views: 39.7ms | ActiveRecord: 0.6ms)


Started GET "/articles" for 127.0.0.1 at 2011-01-31 16:40:33 -0430
  Processing by ArticlesController#index as HTML
  [1m[35mArticle Load (2.3ms)[0m  SELECT "articles".* FROM "articles"
Rendered articles/index.html.erb within layouts/application (92.8ms)
Completed 200 OK in 163ms (Views: 100.8ms | ActiveRecord: 2.3ms)


Started GET "/users" for 127.0.0.1 at 2011-01-31 16:40:39 -0430

ActionController::RoutingError (No route matches "/users"):
  

Rendered /usr/local/ruby/lib/ruby/gems/1.9.1/gems/actionpack-3.0.1/lib/action_dispatch/middleware/templates/rescues/routing_error.erb within rescues/layout (1.1ms)


Started GET "/articles" for 127.0.0.1 at 2011-01-31 16:44:28 -0430
  Processing by ArticlesController#index as HTML
  [1m[36mArticle Load (3.9ms)[0m  [1mSELECT "articles".* FROM "articles"[0m
Rendered devise/menu/_login_items.html.erb (235.6ms)
Rendered articles/index.html.erb within layouts/application (311.2ms)
Completed   in 341ms

ActionView::Template::Error (undefined method `admin_signed_in?' for #<#<Class:0xa72cf2c>:0xa72b35c>):
    1: <% if admin_signed_in? %>
    2:   <li>
    3:   <%= link_to('Salir', destroy_admin_session_path) %>        
    4:   </li>
  app/views/devise/menu/_login_items.html.erb:1:in `_app_views_devise_menu__login_items_html_erb___669571814_89721760_199324044'
  app/views/layouts/application.html.erb:11:in `_app_views_layouts_application_html_erb___258494809_87629610_273421616'
  app/controllers/articles_controller.rb:7:in `index'

Rendered /usr/local/ruby/lib/ruby/gems/1.9.1/gems/actionpack-3.0.1/lib/action_dispatch/middleware/templates/rescues/_trace.erb (1.3ms)
Rendered /usr/local/ruby/lib/ruby/gems/1.9.1/gems/actionpack-3.0.1/lib/action_dispatch/middleware/templates/rescues/_request_and_response.erb (72.9ms)
Rendered /usr/local/ruby/lib/ruby/gems/1.9.1/gems/actionpack-3.0.1/lib/action_dispatch/middleware/templates/rescues/template_error.erb within rescues/layout (115.7ms)


Started GET "/articles" for 127.0.0.1 at 2011-01-31 16:45:14 -0430
  Processing by ArticlesController#index as HTML
  [1m[35mArticle Load (0.7ms)[0m  SELECT "articles".* FROM "articles"
Rendered devise/menu/_login_items.html.erb (193.7ms)
Rendered articles/index.html.erb within layouts/application (226.9ms)
Completed   in 254ms

ActionView::Template::Error (undefined local variable or method `new_admin_session_path' for #<#<Class:0xaaa5500>:0xaa97a54>):
    4:   </li>
    5: <% else %>
    6:   <li>
    7:   <%= link_to('Ingresar', new_admin_session_path)  %>  
    8:   </li>
    9: <% end %>
  app/views/devise/menu/_login_items.html.erb:7:in `_app_views_devise_menu__login_items_html_erb___669571814_88831980_199324044'
  app/views/layouts/application.html.erb:11:in `_app_views_layouts_application_html_erb___258494809_89436910_273421616'
  app/controllers/articles_controller.rb:7:in `index'

Rendered /usr/local/ruby/lib/ruby/gems/1.9.1/gems/actionpack-3.0.1/lib/action_dispatch/middleware/templates/rescues/_trace.erb (1.4ms)
Rendered /usr/local/ruby/lib/ruby/gems/1.9.1/gems/actionpack-3.0.1/lib/action_dispatch/middleware/templates/rescues/_request_and_response.erb (94.6ms)
Rendered /usr/local/ruby/lib/ruby/gems/1.9.1/gems/actionpack-3.0.1/lib/action_dispatch/middleware/templates/rescues/template_error.erb within rescues/layout (103.9ms)


Started GET "/articles" for 127.0.0.1 at 2011-01-31 16:49:35 -0430
  Processing by ArticlesController#index as HTML
  [1m[36mArticle Load (0.7ms)[0m  [1mSELECT "articles".* FROM "articles"[0m
Rendered devise/menu/_login_items.html.erb (2.2ms)
Rendered articles/index.html.erb within layouts/application (32.5ms)
Completed 200 OK in 52ms (Views: 39.2ms | ActiveRecord: 0.7ms)


Started GET "/users/sign_in" for 127.0.0.1 at 2011-01-31 16:49:39 -0430
  Processing by Devise::SessionsController#new as HTML
Rendered /usr/local/ruby/lib/ruby/gems/1.9.1/gems/devise-1.1.5/app/views/devise/shared/_links.erb (2.2ms)
Rendered devise/menu/_login_items.html.erb (1.0ms)
Rendered /usr/local/ruby/lib/ruby/gems/1.9.1/gems/devise-1.1.5/app/views/devise/sessions/new.html.erb within layouts/application (14.1ms)
Completed 200 OK in 57ms (Views: 25.3ms | ActiveRecord: 0.0ms)


Started POST "/users/sign_in" for 127.0.0.1 at 2011-01-31 16:49:53 -0430
  Processing by Devise::SessionsController#create as HTML
  Parameters: {"utf8"=>"✓", "authenticity_token"=>"zNkYtVq0JBdd/jDMR7abG64rUwPRnjawjHL/GmZ47DE=", "user"=>{"email"=>"dani8844@hotmail.com", "password"=>"[FILTERED]", "remember_me"=>"0"}, "commit"=>"Sign in"}
  [1m[35mUser Load (0.3ms)[0m  SELECT "users".* FROM "users" WHERE ("users"."email" = 'dani8844@hotmail.com') LIMIT 1
Completed   in 215ms
  Processing by Devise::SessionsController#new as HTML
  Parameters: {"utf8"=>"✓", "authenticity_token"=>"zNkYtVq0JBdd/jDMR7abG64rUwPRnjawjHL/GmZ47DE=", "user"=>{"email"=>"dani8844@hotmail.com", "password"=>"[FILTERED]", "remember_me"=>"0"}, "commit"=>"Sign in"}
Rendered /usr/local/ruby/lib/ruby/gems/1.9.1/gems/devise-1.1.5/app/views/devise/shared/_links.erb (2.1ms)
Rendered devise/menu/_login_items.html.erb (1.1ms)
Rendered /usr/local/ruby/lib/ruby/gems/1.9.1/gems/devise-1.1.5/app/views/devise/sessions/new.html.erb within layouts/application (15.6ms)
Completed 200 OK in 210ms (Views: 26.0ms | ActiveRecord: 0.3ms)


Started GET "/users/sign_up" for 127.0.0.1 at 2011-01-31 16:49:58 -0430
  Processing by Devise::RegistrationsController#new as HTML
Rendered /usr/local/ruby/lib/ruby/gems/1.9.1/gems/devise-1.1.5/app/views/devise/shared/_links.erb (1.7ms)
Rendered devise/menu/_login_items.html.erb (1.2ms)
Rendered /usr/local/ruby/lib/ruby/gems/1.9.1/gems/devise-1.1.5/app/views/devise/registrations/new.html.erb within layouts/application (29.8ms)
Completed 200 OK in 100ms (Views: 37.9ms | ActiveRecord: 0.0ms)


Started POST "/users" for 127.0.0.1 at 2011-01-31 16:50:03 -0430
  Processing by Devise::RegistrationsController#create as HTML
  Parameters: {"utf8"=>"✓", "authenticity_token"=>"zNkYtVq0JBdd/jDMR7abG64rUwPRnjawjHL/GmZ47DE=", "user"=>{"email"=>"dani8844", "password"=>"[FILTERED]", "password_confirmation"=>"[FILTERED]"}, "commit"=>"Sign up"}
  [1m[36mUser Load (0.3ms)[0m  [1mSELECT "users"."id" FROM "users" WHERE (LOWER("users"."email") = LOWER('dani8844')) LIMIT 1[0m
Rendered /usr/local/ruby/lib/ruby/gems/1.9.1/gems/devise-1.1.5/app/views/devise/shared/_links.erb (2.2ms)
Rendered devise/menu/_login_items.html.erb (3.1ms)
Rendered /usr/local/ruby/lib/ruby/gems/1.9.1/gems/devise-1.1.5/app/views/devise/registrations/new.html.erb within layouts/application (16.3ms)
Completed 200 OK in 186ms (Views: 25.4ms | ActiveRecord: 0.3ms)


Started POST "/users" for 127.0.0.1 at 2011-01-31 16:50:24 -0430
  Processing by Devise::RegistrationsController#create as HTML
  Parameters: {"utf8"=>"✓", "authenticity_token"=>"zNkYtVq0JBdd/jDMR7abG64rUwPRnjawjHL/GmZ47DE=", "user"=>{"email"=>"dani8844@hotmail.com", "password"=>"[FILTERED]", "password_confirmation"=>"[FILTERED]"}, "commit"=>"Sign up"}
  [1m[35mUser Load (3.4ms)[0m  SELECT "users"."id" FROM "users" WHERE (LOWER("users"."email") = LOWER('dani8844@hotmail.com')) LIMIT 1
  [1m[36mSQL (0.9ms)[0m  [1mINSERT INTO "users" ("created_at", "current_sign_in_at", "current_sign_in_ip", "email", "encrypted_password", "last_sign_in_at", "last_sign_in_ip", "password_salt", "remember_created_at", "remember_token", "reset_password_token", "sign_in_count", "updated_at") VALUES ('2011-01-31 21:20:25.217283', NULL, NULL, 'dani8844@hotmail.com', '$2a$10$NLfSL3yT6KMGA/z/xlDlZOWnGVQIieQKPToIFV1rpyEotRZxyZ9VO', NULL, NULL, '$2a$10$NLfSL3yT6KMGA/z/xlDlZO', NULL, NULL, NULL, 0, '2011-01-31 21:20:25.217283')[0m
  [1m[35mSQL (0.6ms)[0m  UPDATE "users" SET "current_sign_in_at" = '2011-01-31 21:20:25.255482', "current_sign_in_ip" = '127.0.0.1', "last_sign_in_at" = '2011-01-31 21:20:25.255482', "last_sign_in_ip" = '127.0.0.1', "sign_in_count" = 1, "updated_at" = '2011-01-31 21:20:25.255858' WHERE ("users"."id" = 1)
Redirected to http://localhost:3001/
Completed 302 Found in 350ms


Started GET "/articles" for 127.0.0.1 at 2011-01-31 16:50:38 -0430
  Processing by ArticlesController#index as HTML
  [1m[36mArticle Load (0.6ms)[0m  [1mSELECT "articles".* FROM "articles"[0m
  [1m[35mUser Load (1.6ms)[0m  SELECT "users".* FROM "users" WHERE ("users"."id" = 1) LIMIT 1
Rendered devise/menu/_login_items.html.erb (0.1ms)
Rendered articles/index.html.erb within layouts/application (132.6ms)
Completed 200 OK in 184ms (Views: 157.0ms | ActiveRecord: 7.1ms)


Started GET "/articles" for 127.0.0.1 at 2011-01-31 16:54:59 -0430
  Processing by ArticlesController#index as HTML
  [1m[36mArticle Load (0.7ms)[0m  [1mSELECT "articles".* FROM "articles"[0m
  [1m[35mUser Load (1.2ms)[0m  SELECT "users".* FROM "users" WHERE ("users"."id" = 1) LIMIT 1
Rendered articles/index.html.erb within layouts/application (115.2ms)
Completed   in 140ms

ActionView::Template::Error (Missing partial devise/menu/login_items with {:handlers=>[:erb, :rjs, :builder, :rhtml, :rxml], :formats=>[:html], :locale=>[:en, :en]} in view paths "/home/daniel/Documentos/BlogDanielEdgarv1/BlogDanielEdgarv1/app/views", "/usr/local/ruby/lib/ruby/gems/1.9.1/gems/devise-1.1.5/app/views"):
    8: </head>
    9: <body>
    10:   <ul class="hmenu">
    11:   <%= render 'devise/menu/login_items' %>
    12: </ul>
    13: 
    14:      <p class="notice"><%= notice %></p>
  app/views/layouts/application.html.erb:11:in `_app_views_layouts_application_html_erb___258494809_88718710_273421616'
  app/controllers/articles_controller.rb:7:in `index'

Rendered /usr/local/ruby/lib/ruby/gems/1.9.1/gems/actionpack-3.0.1/lib/action_dispatch/middleware/templates/rescues/_trace.erb (1.4ms)
Rendered /usr/local/ruby/lib/ruby/gems/1.9.1/gems/actionpack-3.0.1/lib/action_dispatch/middleware/templates/rescues/_request_and_response.erb (100.9ms)
Rendered /usr/local/ruby/lib/ruby/gems/1.9.1/gems/actionpack-3.0.1/lib/action_dispatch/middleware/templates/rescues/template_error.erb within rescues/layout (109.5ms)


Started GET "/articles" for 127.0.0.1 at 2011-01-31 16:55:56 -0430
  Processing by ArticlesController#index as HTML
  [1m[36mArticle Load (6.0ms)[0m  [1mSELECT "articles".* FROM "articles"[0m
  [1m[35mUser Load (1.0ms)[0m  SELECT "users".* FROM "users" WHERE ("users"."id" = 1) LIMIT 1
Rendered devise/_login.html.erb (1.1ms)
Rendered articles/index.html.erb within layouts/application (99.7ms)
Completed 200 OK in 147ms (Views: 112.0ms | ActiveRecord: 7.1ms)


Started GET "/users/sign_out" for 127.0.0.1 at 2011-01-31 16:55:59 -0430
  Processing by Devise::SessionsController#destroy as HTML
  [1m[36mUser Load (0.7ms)[0m  [1mSELECT "users".* FROM "users" WHERE ("users"."id" = 1) LIMIT 1[0m
Redirected to http://localhost:3001/
Completed 302 Found in 44ms


Started GET "/articles" for 127.0.0.1 at 2011-01-31 16:56:13 -0430
  Processing by ArticlesController#index as HTML
  [1m[35mArticle Load (7.9ms)[0m  SELECT "articles".* FROM "articles"
Rendered devise/_login.html.erb (1.1ms)
Rendered articles/index.html.erb within layouts/application (104.0ms)
Completed 200 OK in 157ms (Views: 112.1ms | ActiveRecord: 7.9ms)


Started GET "/users/sign_in" for 127.0.0.1 at 2011-01-31 16:56:22 -0430
  Processing by Devise::SessionsController#new as HTML
Rendered /usr/local/ruby/lib/ruby/gems/1.9.1/gems/devise-1.1.5/app/views/devise/shared/_links.erb (1.5ms)
Rendered devise/_login.html.erb (1.9ms)
Rendered /usr/local/ruby/lib/ruby/gems/1.9.1/gems/devise-1.1.5/app/views/devise/sessions/new.html.erb within layouts/application (13.2ms)
Completed 200 OK in 58ms (Views: 22.3ms | ActiveRecord: 0.0ms)


Started POST "/users/sign_in" for 127.0.0.1 at 2011-01-31 16:56:31 -0430
  Processing by Devise::SessionsController#create as HTML
  Parameters: {"utf8"=>"✓", "authenticity_token"=>"zNkYtVq0JBdd/jDMR7abG64rUwPRnjawjHL/GmZ47DE=", "user"=>{"email"=>"dani8844@hotmail.com", "password"=>"[FILTERED]", "remember_me"=>"0"}, "commit"=>"Sign in"}
  [1m[36mUser Load (0.9ms)[0m  [1mSELECT "users".* FROM "users" WHERE ("users"."email" = 'dani8844@hotmail.com') LIMIT 1[0m
  [1m[35mSQL (0.6ms)[0m  UPDATE "users" SET "current_sign_in_at" = '2011-01-31 21:26:31.485857', "sign_in_count" = 2, "updated_at" = '2011-01-31 21:26:31.486772' WHERE ("users"."id" = 1)
Redirected to http://localhost:3001/
Completed 302 Found in 315ms


Started GET "/articles" for 127.0.0.1 at 2011-01-31 16:57:49 -0430
  Processing by ArticlesController#index as HTML
  [1m[36mArticle Load (5.7ms)[0m  [1mSELECT "articles".* FROM "articles"[0m
  [1m[35mUser Load (1.5ms)[0m  SELECT "users".* FROM "users" WHERE ("users"."id" = 1) LIMIT 1
Rendered devise/_login.html.erb (0.9ms)
Rendered articles/index.html.erb within layouts/application (135.5ms)
Completed 200 OK in 198ms (Views: 159.8ms | ActiveRecord: 7.2ms)


Started GET "/" for 127.0.0.1 at 2011-01-31 16:59:49 -0430
  Processing by ArticlesController#index as HTML
  [1m[36mArticle Load (0.8ms)[0m  [1mSELECT "articles".* FROM "articles"[0m
  [1m[35mUser Load (0.9ms)[0m  SELECT "users".* FROM "users" WHERE ("users"."id" = 1) LIMIT 1
Rendered devise/_login.html.erb (1.2ms)
Rendered articles/index.html.erb within layouts/application (51.6ms)
Completed 200 OK in 78ms (Views: 56.8ms | ActiveRecord: 1.7ms)


Started GET "/users/sign_out" for 127.0.0.1 at 2011-01-31 16:59:52 -0430
  Processing by Devise::SessionsController#destroy as HTML
  [1m[36mUser Load (8.2ms)[0m  [1mSELECT "users".* FROM "users" WHERE ("users"."id" = 1) LIMIT 1[0m
Redirected to http://localhost:3001/
Completed 302 Found in 46ms


Started GET "/" for 127.0.0.1 at 2011-01-31 16:59:53 -0430
  Processing by ArticlesController#index as HTML
  [1m[35mArticle Load (0.6ms)[0m  SELECT "articles".* FROM "articles"
Rendered devise/_login.html.erb (1.1ms)
Rendered articles/index.html.erb within layouts/application (73.3ms)
Completed 200 OK in 117ms (Views: 93.8ms | ActiveRecord: 0.6ms)


Started GET "/users/sign_in" for 127.0.0.1 at 2011-01-31 16:59:55 -0430
  Processing by Devise::SessionsController#new as HTML
Rendered /usr/local/ruby/lib/ruby/gems/1.9.1/gems/devise-1.1.5/app/views/devise/shared/_links.erb (1.9ms)
Rendered devise/_login.html.erb (1.2ms)
Rendered /usr/local/ruby/lib/ruby/gems/1.9.1/gems/devise-1.1.5/app/views/devise/sessions/new.html.erb within layouts/application (14.7ms)
Completed 200 OK in 62ms (Views: 25.4ms | ActiveRecord: 0.0ms)


Started POST "/users/sign_in" for 127.0.0.1 at 2011-01-31 17:00:03 -0430
  Processing by Devise::SessionsController#create as HTML
  Parameters: {"utf8"=>"✓", "authenticity_token"=>"zNkYtVq0JBdd/jDMR7abG64rUwPRnjawjHL/GmZ47DE=", "user"=>{"email"=>"dani8844@hotmail.com", "password"=>"[FILTERED]", "remember_me"=>"0"}, "commit"=>"Sign in"}
  [1m[36mUser Load (1.5ms)[0m  [1mSELECT "users".* FROM "users" WHERE ("users"."email" = 'dani8844@hotmail.com') LIMIT 1[0m
  [1m[35mSQL (0.4ms)[0m  UPDATE "users" SET "current_sign_in_at" = '2011-01-31 21:30:04.018985', "last_sign_in_at" = '2011-01-31 21:26:31.485857', "sign_in_count" = 3, "updated_at" = '2011-01-31 21:30:04.019662' WHERE ("users"."id" = 1)
Redirected to http://localhost:3001/
Completed 302 Found in 311ms


Started GET "/" for 127.0.0.1 at 2011-01-31 17:00:04 -0430
  Processing by ArticlesController#index as HTML
  [1m[36mArticle Load (0.7ms)[0m  [1mSELECT "articles".* FROM "articles"[0m
  [1m[35mUser Load (0.9ms)[0m  SELECT "users".* FROM "users" WHERE ("users"."id" = 1) LIMIT 1
Rendered devise/_login.html.erb (3.6ms)
Rendered articles/index.html.erb within layouts/application (113.0ms)
Completed 200 OK in 136ms (Views: 118.2ms | ActiveRecord: 1.6ms)


Started GET "/" for 127.0.0.1 at 2011-01-31 17:02:18 -0430
  Processing by ArticlesController#index as HTML
  [1m[36mSQL (3.9ms)[0m  [1m SELECT name
 FROM sqlite_master
 WHERE type = 'table' AND NOT name = 'sqlite_sequence'
[0m
  [1m[35mArticle Load (0.2ms)[0m  SELECT "articles".* FROM "articles"
  [1m[36mUser Load (1.4ms)[0m  [1mSELECT "users".* FROM "users" WHERE ("users"."id" = 1) LIMIT 1[0m
Rendered articles/index.html.erb within layouts/application (232.3ms)
Completed 200 OK in 348ms (Views: 239.2ms | ActiveRecord: 5.5ms)


Started GET "/articles" for 127.0.0.1 at 2011-01-31 17:02:26 -0430
  Processing by ArticlesController#index as HTML
  [1m[35mArticle Load (0.8ms)[0m  SELECT "articles".* FROM "articles"
  [1m[36mUser Load (0.9ms)[0m  [1mSELECT "users".* FROM "users" WHERE ("users"."id" = 1) LIMIT 1[0m
Rendered articles/index.html.erb within layouts/application (66.7ms)
Completed 200 OK in 129ms (Views: 73.3ms | ActiveRecord: 1.7ms)


Started GET "/articles" for 127.0.0.1 at 2011-01-31 17:02:28 -0430
  Processing by ArticlesController#index as HTML
  [1m[35mArticle Load (0.7ms)[0m  SELECT "articles".* FROM "articles"
  [1m[36mUser Load (1.5ms)[0m  [1mSELECT "users".* FROM "users" WHERE ("users"."id" = 1) LIMIT 1[0m
Rendered articles/index.html.erb within layouts/application (65.8ms)
Completed 200 OK in 131ms (Views: 70.6ms | ActiveRecord: 2.2ms)


Started GET "/articles/new" for 127.0.0.1 at 2011-01-31 17:02:29 -0430
  Processing by ArticlesController#new as HTML
Rendered articles/_form.html.erb (6.1ms)
Rendered articles/new.html.erb within layouts/application (7.7ms)
Completed 200 OK in 77ms (Views: 15.9ms | ActiveRecord: 0.0ms)


Started GET "/articles/new" for 127.0.0.1 at 2011-01-31 17:02:33 -0430
  Processing by ArticlesController#new as HTML
Rendered articles/_form.html.erb (8.2ms)
Rendered articles/new.html.erb within layouts/application (14.3ms)
Completed 200 OK in 48ms (Views: 24.6ms | ActiveRecord: 0.0ms)


Started GET "/users" for 127.0.0.1 at 2011-01-31 17:02:41 -0430

ActionController::RoutingError (No route matches "/users"):
  

Rendered /usr/local/ruby/lib/ruby/gems/1.9.1/gems/actionpack-3.0.1/lib/action_dispatch/middleware/templates/rescues/routing_error.erb within rescues/layout (0.5ms)


Started GET "/" for 127.0.0.1 at 2011-01-31 17:02:45 -0430
  Processing by ArticlesController#index as HTML
  [1m[35mArticle Load (0.5ms)[0m  SELECT "articles".* FROM "articles"
  [1m[36mUser Load (1.0ms)[0m  [1mSELECT "users".* FROM "users" WHERE ("users"."id" = 1) LIMIT 1[0m
Rendered articles/index.html.erb within layouts/application (60.0ms)
Completed 200 OK in 86ms (Views: 67.4ms | ActiveRecord: 1.5ms)


Started GET "/" for 127.0.0.1 at 2011-01-31 17:03:53 -0430
  Processing by ArticlesController#index as HTML
  [1m[35mArticle Load (0.9ms)[0m  SELECT "articles".* FROM "articles"
  [1m[36mUser Load (1.3ms)[0m  [1mSELECT "users".* FROM "users" WHERE ("users"."id" = 1) LIMIT 1[0m
Rendered articles/index.html.erb within layouts/application (105.9ms)
Completed   in 130ms

ActionView::Template::Error (Missing partial devise/login with {:handlers=>[:erb, :rjs, :builder, :rhtml, :rxml], :formats=>[:html], :locale=>[:en, :en]} in view paths "/home/daniel/Documentos/BlogDanielEdgarv1/BlogDanielEdgarv1/app/views", "/usr/local/ruby/lib/ruby/gems/1.9.1/gems/devise-1.1.5/app/views"):
    10:   <ul class="hmenu">
    11: 
    12: 
    13:   <%= render 'devise/login' %>
    14: </ul>
    15: 
    16:      <p class="notice"><%= notice %></p>
  app/views/layouts/application.html.erb:13:in `_app_views_layouts_application_html_erb___820200388_92559620_891795677'
  app/controllers/articles_controller.rb:7:in `index'

Rendered /usr/local/ruby/lib/ruby/gems/1.9.1/gems/actionpack-3.0.1/lib/action_dispatch/middleware/templates/rescues/_trace.erb (1.5ms)
Rendered /usr/local/ruby/lib/ruby/gems/1.9.1/gems/actionpack-3.0.1/lib/action_dispatch/middleware/templates/rescues/_request_and_response.erb (107.7ms)
Rendered /usr/local/ruby/lib/ruby/gems/1.9.1/gems/actionpack-3.0.1/lib/action_dispatch/middleware/templates/rescues/template_error.erb within rescues/layout (119.9ms)


Started GET "/" for 127.0.0.1 at 2011-01-31 17:04:24 -0430
  Processing by ArticlesController#index as HTML
  [1m[35mArticle Load (1.5ms)[0m  SELECT "articles".* FROM "articles"
  [1m[36mUser Load (1.0ms)[0m  [1mSELECT "users".* FROM "users" WHERE ("users"."id" = 1) LIMIT 1[0m
Rendered articles/_login.html.erb (0.9ms)
Rendered articles/index.html.erb within layouts/application (67.0ms)
Completed 200 OK in 93ms (Views: 73.8ms | ActiveRecord: 2.5ms)


Started GET "/users/sign_out" for 127.0.0.1 at 2011-01-31 17:04:26 -0430
  Processing by Devise::SessionsController#destroy as HTML
  [1m[35mUser Load (0.8ms)[0m  SELECT "users".* FROM "users" WHERE ("users"."id" = 1) LIMIT 1
Redirected to http://localhost:3001/
Completed 302 Found in 41ms


Started GET "/" for 127.0.0.1 at 2011-01-31 17:04:26 -0430
  Processing by ArticlesController#index as HTML
  [1m[36mArticle Load (1.6ms)[0m  [1mSELECT "articles".* FROM "articles"[0m
Rendered articles/_login.html.erb (1.3ms)
Rendered articles/index.html.erb within layouts/application (138.9ms)
Completed 200 OK in 224ms (Views: 165.3ms | ActiveRecord: 1.6ms)


Started GET "/users/sign_in" for 127.0.0.1 at 2011-01-31 17:04:47 -0430
  Processing by Devise::SessionsController#new as HTML
Rendered /usr/local/ruby/lib/ruby/gems/1.9.1/gems/devise-1.1.5/app/views/devise/shared/_links.erb (2.8ms)
Rendered articles/_login.html.erb (1.2ms)
Rendered /usr/local/ruby/lib/ruby/gems/1.9.1/gems/devise-1.1.5/app/views/devise/sessions/new.html.erb within layouts/application (16.0ms)
Completed 200 OK in 55ms (Views: 23.7ms | ActiveRecord: 0.0ms)


Started GET "/users" for 127.0.0.1 at 2011-01-31 17:05:19 -0430

ActionController::RoutingError (No route matches "/users"):
  

Rendered /usr/local/ruby/lib/ruby/gems/1.9.1/gems/actionpack-3.0.1/lib/action_dispatch/middleware/templates/rescues/routing_error.erb within rescues/layout (1.1ms)


Started GET "/users/sign_in" for 127.0.0.1 at 2011-01-31 17:11:48 -0430
  Processing by Devise::SessionsController#new as HTML
Rendered /usr/local/ruby/lib/ruby/gems/1.9.1/gems/devise-1.1.5/app/views/devise/shared/_links.erb (1.8ms)
Rendered articles/_login.html.erb (2.2ms)
Rendered /usr/local/ruby/lib/ruby/gems/1.9.1/gems/devise-1.1.5/app/views/devise/sessions/new.html.erb within layouts/application (14.2ms)
Completed 200 OK in 57ms (Views: 21.6ms | ActiveRecord: 0.0ms)


Started GET "/" for 127.0.0.1 at 2011-01-31 17:11:55 -0430
  Processing by ArticlesController#index as HTML
  [1m[35mArticle Load (0.6ms)[0m  SELECT "articles".* FROM "articles"
Rendered articles/_login.html.erb (1.0ms)
Rendered articles/index.html.erb within layouts/application (102.8ms)
Completed 200 OK in 147ms (Views: 120.0ms | ActiveRecord: 0.6ms)


Started GET "/users/sign_in" for 127.0.0.1 at 2011-01-31 17:11:58 -0430
  Processing by Devise::SessionsController#new as HTML
Rendered /usr/local/ruby/lib/ruby/gems/1.9.1/gems/devise-1.1.5/app/views/devise/shared/_links.erb (1.6ms)
Rendered articles/_login.html.erb (2.5ms)
Rendered /usr/local/ruby/lib/ruby/gems/1.9.1/gems/devise-1.1.5/app/views/devise/sessions/new.html.erb within layouts/application (14.5ms)
Completed 200 OK in 55ms (Views: 24.7ms | ActiveRecord: 0.0ms)


Started POST "/users/sign_in" for 127.0.0.1 at 2011-01-31 17:12:13 -0430
  Processing by Devise::SessionsController#create as HTML
  Parameters: {"utf8"=>"✓", "authenticity_token"=>"zNkYtVq0JBdd/jDMR7abG64rUwPRnjawjHL/GmZ47DE=", "user"=>{"email"=>"dani8844@hotmail.com", "password"=>"[FILTERED]", "remember_me"=>"0"}, "commit"=>"Sign in"}
  [1m[36mUser Load (0.8ms)[0m  [1mSELECT "users".* FROM "users" WHERE ("users"."email" = 'dani8844@hotmail.com') LIMIT 1[0m
Completed   in 447ms
  Processing by Devise::SessionsController#new as HTML
  Parameters: {"utf8"=>"✓", "authenticity_token"=>"zNkYtVq0JBdd/jDMR7abG64rUwPRnjawjHL/GmZ47DE=", "user"=>{"email"=>"dani8844@hotmail.com", "password"=>"[FILTERED]", "remember_me"=>"0"}, "commit"=>"Sign in"}
Rendered /usr/local/ruby/lib/ruby/gems/1.9.1/gems/devise-1.1.5/app/views/devise/shared/_links.erb (1.6ms)
Rendered articles/_login.html.erb (1.9ms)
Rendered /usr/local/ruby/lib/ruby/gems/1.9.1/gems/devise-1.1.5/app/views/devise/sessions/new.html.erb within layouts/application (17.8ms)
Completed 200 OK in 193ms (Views: 27.1ms | ActiveRecord: 0.8ms)


Started POST "/users/sign_in" for 127.0.0.1 at 2011-01-31 17:12:21 -0430
  Processing by Devise::SessionsController#create as HTML
  Parameters: {"utf8"=>"✓", "authenticity_token"=>"zNkYtVq0JBdd/jDMR7abG64rUwPRnjawjHL/GmZ47DE=", "user"=>{"email"=>"dani8844@hotmail.com", "password"=>"[FILTERED]", "remember_me"=>"0"}, "commit"=>"Sign in"}
  [1m[35mUser Load (2.8ms)[0m  SELECT "users".* FROM "users" WHERE ("users"."email" = 'dani8844@hotmail.com') LIMIT 1
  [1m[36mSQL (1.2ms)[0m  [1mUPDATE "users" SET "current_sign_in_at" = '2011-01-31 21:42:22.285601', "last_sign_in_at" = '2011-01-31 21:30:04.018985', "sign_in_count" = 4, "updated_at" = '2011-01-31 21:42:22.288829' WHERE ("users"."id" = 1)[0m
Redirected to http://localhost:3001/
Completed 302 Found in 268ms


Started GET "/" for 127.0.0.1 at 2011-01-31 17:12:22 -0430
  Processing by ArticlesController#index as HTML
  [1m[35mArticle Load (0.7ms)[0m  SELECT "articles".* FROM "articles"
  [1m[36mUser Load (1.8ms)[0m  [1mSELECT "users".* FROM "users" WHERE ("users"."id" = 1) LIMIT 1[0m
Rendered articles/_login.html.erb (0.9ms)
Rendered articles/index.html.erb within layouts/application (109.0ms)
Completed 200 OK in 136ms (Views: 117.8ms | ActiveRecord: 2.4ms)


Started GET "/articles/new" for 127.0.0.1 at 2011-01-31 17:14:32 -0430
  Processing by ArticlesController#new as HTML
Rendered articles/_form.html.erb (11.8ms)
  [1m[35mUser Load (1.0ms)[0m  SELECT "users".* FROM "users" WHERE ("users"."id" = 1) LIMIT 1
Rendered articles/_login.html.erb (87.7ms)
Rendered articles/new.html.erb within layouts/application (108.0ms)
Completed 200 OK in 126ms (Views: 112.5ms | ActiveRecord: 1.0ms)


Started GET "/users/sign_out" for 127.0.0.1 at 2011-01-31 17:14:36 -0430
  Processing by Devise::SessionsController#destroy as HTML
  [1m[36mUser Load (5.1ms)[0m  [1mSELECT "users".* FROM "users" WHERE ("users"."id" = 1) LIMIT 1[0m
Redirected to http://localhost:3001/
Completed 302 Found in 102ms


Started GET "/" for 127.0.0.1 at 2011-01-31 17:14:36 -0430
  Processing by ArticlesController#index as HTML
  [1m[35mArticle Load (0.7ms)[0m  SELECT "articles".* FROM "articles"
Rendered articles/_login.html.erb (1.1ms)
Rendered articles/index.html.erb within layouts/application (29.1ms)
Completed 200 OK in 49ms (Views: 37.7ms | ActiveRecord: 0.7ms)


Started GET "/articles/new" for 127.0.0.1 at 2011-01-31 17:14:42 -0430
  Processing by ArticlesController#new as HTML
Rendered articles/_form.html.erb (15.1ms)
Rendered articles/_login.html.erb (31.4ms)
Rendered articles/new.html.erb within layouts/application (57.8ms)
Completed 200 OK in 169ms (Views: 65.9ms | ActiveRecord: 5.1ms)
